/home/acp/programming/rosdock/install/cerpm/lib/python3.12/site-packages/cerpm/publisher_member_function.py
/home/acp/programming/rosdock/install/cerpm/lib/python3.12/site-packages/cerpm/cerpm_detector.py
/home/acp/programming/rosdock/install/cerpm/lib/python3.12/site-packages/cerpm/cerpm.py
/home/acp/programming/rosdock/install/cerpm/lib/python3.12/site-packages/cerpm/cerpm_listener.py
/home/acp/programming/rosdock/install/cerpm/lib/python3.12/site-packages/cerpm/subscriber_member_function.py
/home/acp/programming/rosdock/install/cerpm/lib/python3.12/site-packages/cerpm/__init__.py
/home/acp/programming/rosdock/install/cerpm/lib/python3.12/site-packages/cerpm/__pycache__/publisher_member_function.cpython-312.pyc
/home/acp/programming/rosdock/install/cerpm/lib/python3.12/site-packages/cerpm/__pycache__/cerpm_detector.cpython-312.pyc
/home/acp/programming/rosdock/install/cerpm/lib/python3.12/site-packages/cerpm/__pycache__/cerpm.cpython-312.pyc
/home/acp/programming/rosdock/install/cerpm/lib/python3.12/site-packages/cerpm/__pycache__/cerpm_listener.cpython-312.pyc
/home/acp/programming/rosdock/install/cerpm/lib/python3.12/site-packages/cerpm/__pycache__/subscriber_member_function.cpython-312.pyc
/home/acp/programming/rosdock/install/cerpm/lib/python3.12/site-packages/cerpm/__pycache__/__init__.cpython-312.pyc
/home/acp/programming/rosdock/install/cerpm/share/ament_index/resource_index/packages/cerpm
/home/acp/programming/rosdock/install/cerpm/share/cerpm/package.xml
/home/acp/programming/rosdock/install/cerpm/lib/python3.12/site-packages/cerpm-0.0.0-py3.12.egg-info/PKG-INFO
/home/acp/programming/rosdock/install/cerpm/lib/python3.12/site-packages/cerpm-0.0.0-py3.12.egg-info/entry_points.txt
/home/acp/programming/rosdock/install/cerpm/lib/python3.12/site-packages/cerpm-0.0.0-py3.12.egg-info/SOURCES.txt
/home/acp/programming/rosdock/install/cerpm/lib/python3.12/site-packages/cerpm-0.0.0-py3.12.egg-info/requires.txt
/home/acp/programming/rosdock/install/cerpm/lib/python3.12/site-packages/cerpm-0.0.0-py3.12.egg-info/top_level.txt
/home/acp/programming/rosdock/install/cerpm/lib/python3.12/site-packages/cerpm-0.0.0-py3.12.egg-info/zip-safe
/home/acp/programming/rosdock/install/cerpm/lib/python3.12/site-packages/cerpm-0.0.0-py3.12.egg-info/dependency_links.txt
/home/acp/programming/rosdock/install/cerpm/lib/cerpm/cerpm
/home/acp/programming/rosdock/install/cerpm/lib/cerpm/cerpm_listener
/home/acp/programming/rosdock/install/cerpm/lib/cerpm/listener
/home/acp/programming/rosdock/install/cerpm/lib/cerpm/talker
