running egg_info
writing ../../build/cerpm/cerpm.egg-info/PKG-INFO
writing dependency_links to ../../build/cerpm/cerpm.egg-info/dependency_links.txt
writing entry points to ../../build/cerpm/cerpm.egg-info/entry_points.txt
writing requirements to ../../build/cerpm/cerpm.egg-info/requires.txt
writing top-level names to ../../build/cerpm/cerpm.egg-info/top_level.txt
reading manifest file '../../build/cerpm/cerpm.egg-info/SOURCES.txt'
adding license file 'LICENSE'
writing manifest file '../../build/cerpm/cerpm.egg-info/SOURCES.txt'
running build
running build_py
running install
running install_lib
running install_data
running install_egg_info
removing '/home/acp/programming/rosdock/install/cerpm/lib/python3.12/site-packages/cerpm-0.0.0-py3.12.egg-info' (and everything under it)
Copying ../../build/cerpm/cerpm.egg-info to /home/acp/programming/rosdock/install/cerpm/lib/python3.12/site-packages/cerpm-0.0.0-py3.12.egg-info
running install_scripts
Installing listener script to /home/acp/programming/rosdock/install/cerpm/lib/cerpm
Installing talker script to /home/acp/programming/rosdock/install/cerpm/lib/cerpm
writing list of installed files to '/home/acp/programming/rosdock/build/cerpm/install.log'
