[0.091s] DEBUG:colcon:Command line arguments: ['/usr/bin/colcon', 'list', '-p', '--base-paths', '/home/acp/programming/rosdock']
[0.091s] DEBUG:colcon:Parsed command line arguments: Namespace(log_base=None, log_level=None, verb_name='list', build_base='build', ignore_user_meta=False, metas=['./colcon.meta'], base_paths=['/home/acp/programming/rosdock'], packages_ignore=None, packages_ignore_regex=None, paths=None, packages_up_to=None, packages_up_to_regex=None, packages_above=None, packages_above_and_dependencies=None, packages_above_depth=None, packages_select_by_dep=None, packages_skip_by_dep=None, packages_skip_up_to=None, packages_select_build_failed=False, packages_skip_build_finished=False, packages_select_test_failures=False, packages_skip_test_passed=False, packages_select=None, packages_skip=None, packages_select_regex=None, packages_skip_regex=None, packages_start=None, packages_end=None, allow_overriding=[], topological_order=False, names_only=False, paths_only=True, topological_graph=False, topological_graph_dot=False, topological_graph_density=False, topological_graph_legend=False, topological_graph_dot_cluster=False, topological_graph_dot_include_skipped=False, mixin_files=None, mixin=None, verb_parser=<colcon_mixin.mixin.mixin_argument.MixinArgumentDecorator object at 0x79e8c937fa70>, verb_extension=<colcon_package_information.verb.list.ListVerb object at 0x79e8c937ef00>, main=<bound method ListVerb.main of <colcon_package_information.verb.list.ListVerb object at 0x79e8c937ef00>>, mixin_verb=('list',))
[0.127s] Level 1:colcon.colcon_core.package_discovery:discover_packages(colcon_meta) check parameters
[0.128s] Level 1:colcon.colcon_core.package_discovery:discover_packages(recursive) check parameters
[0.128s] Level 1:colcon.colcon_core.package_discovery:discover_packages(ignore) check parameters
[0.128s] Level 1:colcon.colcon_core.package_discovery:discover_packages(path) check parameters
[0.128s] Level 1:colcon.colcon_core.package_discovery:discover_packages(recursive) discover
[0.128s] INFO:colcon.colcon_core.package_discovery:Crawling recursively for packages in '/home/acp/programming/rosdock'
[0.128s] Level 1:colcon.colcon_core.package_identification:_identify(/home/acp/programming/rosdock) by extensions ['ignore', 'ignore_ament_install']
[0.128s] Level 1:colcon.colcon_core.package_identification:_identify(/home/acp/programming/rosdock) by extension 'ignore'
[0.128s] Level 1:colcon.colcon_core.package_identification:_identify(/home/acp/programming/rosdock) by extension 'ignore_ament_install'
[0.128s] Level 1:colcon.colcon_core.package_identification:_identify(/home/acp/programming/rosdock) by extensions ['colcon_pkg']
[0.128s] Level 1:colcon.colcon_core.package_identification:_identify(/home/acp/programming/rosdock) by extension 'colcon_pkg'
[0.128s] Level 1:colcon.colcon_core.package_identification:_identify(/home/acp/programming/rosdock) by extensions ['colcon_meta']
[0.128s] Level 1:colcon.colcon_core.package_identification:_identify(/home/acp/programming/rosdock) by extension 'colcon_meta'
[0.128s] Level 1:colcon.colcon_core.package_identification:_identify(/home/acp/programming/rosdock) by extensions ['ros']
[0.128s] Level 1:colcon.colcon_core.package_identification:_identify(/home/acp/programming/rosdock) by extension 'ros'
[0.152s] Level 1:colcon.colcon_core.package_identification:_identify(/home/acp/programming/rosdock) by extensions ['cmake', 'python']
[0.152s] Level 1:colcon.colcon_core.package_identification:_identify(/home/acp/programming/rosdock) by extension 'cmake'
[0.153s] Level 1:colcon.colcon_core.package_identification:_identify(/home/acp/programming/rosdock) by extension 'python'
[0.153s] Level 1:colcon.colcon_core.package_identification:_identify(/home/acp/programming/rosdock) by extensions ['python_setup_py']
[0.153s] Level 1:colcon.colcon_core.package_identification:_identify(/home/acp/programming/rosdock) by extension 'python_setup_py'
[0.153s] Level 1:colcon.colcon_core.package_identification:_identify(/home/acp/programming/rosdock/build) by extensions ['ignore', 'ignore_ament_install']
[0.153s] Level 1:colcon.colcon_core.package_identification:_identify(/home/acp/programming/rosdock/build) by extension 'ignore'
[0.153s] Level 1:colcon.colcon_core.package_identification:_identify(/home/acp/programming/rosdock/build) ignored
[0.153s] Level 1:colcon.colcon_core.package_identification:_identify(/home/acp/programming/rosdock/install) by extensions ['ignore', 'ignore_ament_install']
[0.153s] Level 1:colcon.colcon_core.package_identification:_identify(/home/acp/programming/rosdock/install) by extension 'ignore'
[0.153s] Level 1:colcon.colcon_core.package_identification:_identify(/home/acp/programming/rosdock/install) ignored
[0.153s] Level 1:colcon.colcon_core.package_identification:_identify(/home/acp/programming/rosdock/log) by extensions ['ignore', 'ignore_ament_install']
[0.153s] Level 1:colcon.colcon_core.package_identification:_identify(/home/acp/programming/rosdock/log) by extension 'ignore'
[0.153s] Level 1:colcon.colcon_core.package_identification:_identify(/home/acp/programming/rosdock/log) ignored
[0.153s] Level 1:colcon.colcon_core.package_identification:_identify(/home/acp/programming/rosdock/src) by extensions ['ignore', 'ignore_ament_install']
[0.153s] Level 1:colcon.colcon_core.package_identification:_identify(/home/acp/programming/rosdock/src) by extension 'ignore'
[0.153s] Level 1:colcon.colcon_core.package_identification:_identify(/home/acp/programming/rosdock/src) by extension 'ignore_ament_install'
[0.153s] Level 1:colcon.colcon_core.package_identification:_identify(/home/acp/programming/rosdock/src) by extensions ['colcon_pkg']
[0.153s] Level 1:colcon.colcon_core.package_identification:_identify(/home/acp/programming/rosdock/src) by extension 'colcon_pkg'
[0.153s] Level 1:colcon.colcon_core.package_identification:_identify(/home/acp/programming/rosdock/src) by extensions ['colcon_meta']
[0.153s] Level 1:colcon.colcon_core.package_identification:_identify(/home/acp/programming/rosdock/src) by extension 'colcon_meta'
[0.153s] Level 1:colcon.colcon_core.package_identification:_identify(/home/acp/programming/rosdock/src) by extensions ['ros']
[0.153s] Level 1:colcon.colcon_core.package_identification:_identify(/home/acp/programming/rosdock/src) by extension 'ros'
[0.153s] Level 1:colcon.colcon_core.package_identification:_identify(/home/acp/programming/rosdock/src) by extensions ['cmake', 'python']
[0.153s] Level 1:colcon.colcon_core.package_identification:_identify(/home/acp/programming/rosdock/src) by extension 'cmake'
[0.153s] Level 1:colcon.colcon_core.package_identification:_identify(/home/acp/programming/rosdock/src) by extension 'python'
[0.153s] Level 1:colcon.colcon_core.package_identification:_identify(/home/acp/programming/rosdock/src) by extensions ['python_setup_py']
[0.153s] Level 1:colcon.colcon_core.package_identification:_identify(/home/acp/programming/rosdock/src) by extension 'python_setup_py'
[0.153s] Level 1:colcon.colcon_core.package_identification:_identify(/home/acp/programming/rosdock/src/build) by extensions ['ignore', 'ignore_ament_install']
[0.154s] Level 1:colcon.colcon_core.package_identification:_identify(/home/acp/programming/rosdock/src/build) by extension 'ignore'
[0.154s] Level 1:colcon.colcon_core.package_identification:_identify(/home/acp/programming/rosdock/src/build) ignored
[0.154s] Level 1:colcon.colcon_core.package_identification:_identify(/home/acp/programming/rosdock/src/cerpm) by extensions ['ignore', 'ignore_ament_install']
[0.154s] Level 1:colcon.colcon_core.package_identification:_identify(/home/acp/programming/rosdock/src/cerpm) by extension 'ignore'
[0.154s] Level 1:colcon.colcon_core.package_identification:_identify(/home/acp/programming/rosdock/src/cerpm) by extension 'ignore_ament_install'
[0.154s] Level 1:colcon.colcon_core.package_identification:_identify(/home/acp/programming/rosdock/src/cerpm) by extensions ['colcon_pkg']
[0.154s] Level 1:colcon.colcon_core.package_identification:_identify(/home/acp/programming/rosdock/src/cerpm) by extension 'colcon_pkg'
[0.154s] Level 1:colcon.colcon_core.package_identification:_identify(/home/acp/programming/rosdock/src/cerpm) by extensions ['colcon_meta']
[0.154s] Level 1:colcon.colcon_core.package_identification:_identify(/home/acp/programming/rosdock/src/cerpm) by extension 'colcon_meta'
[0.154s] Level 1:colcon.colcon_core.package_identification:_identify(/home/acp/programming/rosdock/src/cerpm) by extensions ['ros']
[0.154s] Level 1:colcon.colcon_core.package_identification:_identify(/home/acp/programming/rosdock/src/cerpm) by extension 'ros'
[0.156s] DEBUG:colcon.colcon_core.package_identification:Package '/home/acp/programming/rosdock/src/cerpm' with type 'ros.ament_python' and name 'cerpm'
[0.156s] Level 1:colcon.colcon_core.package_identification:_identify(/home/acp/programming/rosdock/src/install) by extensions ['ignore', 'ignore_ament_install']
[0.156s] Level 1:colcon.colcon_core.package_identification:_identify(/home/acp/programming/rosdock/src/install) by extension 'ignore'
[0.156s] Level 1:colcon.colcon_core.package_identification:_identify(/home/acp/programming/rosdock/src/install) ignored
[0.156s] Level 1:colcon.colcon_core.package_identification:_identify(/home/acp/programming/rosdock/src/log) by extensions ['ignore', 'ignore_ament_install']
[0.156s] Level 1:colcon.colcon_core.package_identification:_identify(/home/acp/programming/rosdock/src/log) by extension 'ignore'
[0.156s] Level 1:colcon.colcon_core.package_identification:_identify(/home/acp/programming/rosdock/src/log) ignored
[0.156s] Level 1:colcon.colcon_core.package_identification:_identify(/home/acp/programming/rosdock/src/ros_tutorials) by extensions ['ignore', 'ignore_ament_install']
[0.156s] Level 1:colcon.colcon_core.package_identification:_identify(/home/acp/programming/rosdock/src/ros_tutorials) by extension 'ignore'
[0.156s] Level 1:colcon.colcon_core.package_identification:_identify(/home/acp/programming/rosdock/src/ros_tutorials) by extension 'ignore_ament_install'
[0.156s] Level 1:colcon.colcon_core.package_identification:_identify(/home/acp/programming/rosdock/src/ros_tutorials) by extensions ['colcon_pkg']
[0.156s] Level 1:colcon.colcon_core.package_identification:_identify(/home/acp/programming/rosdock/src/ros_tutorials) by extension 'colcon_pkg'
[0.156s] Level 1:colcon.colcon_core.package_identification:_identify(/home/acp/programming/rosdock/src/ros_tutorials) by extensions ['colcon_meta']
[0.156s] Level 1:colcon.colcon_core.package_identification:_identify(/home/acp/programming/rosdock/src/ros_tutorials) by extension 'colcon_meta'
[0.156s] Level 1:colcon.colcon_core.package_identification:_identify(/home/acp/programming/rosdock/src/ros_tutorials) by extensions ['ros']
[0.156s] Level 1:colcon.colcon_core.package_identification:_identify(/home/acp/programming/rosdock/src/ros_tutorials) by extension 'ros'
[0.156s] Level 1:colcon.colcon_core.package_identification:_identify(/home/acp/programming/rosdock/src/ros_tutorials) by extensions ['cmake', 'python']
[0.156s] Level 1:colcon.colcon_core.package_identification:_identify(/home/acp/programming/rosdock/src/ros_tutorials) by extension 'cmake'
[0.156s] Level 1:colcon.colcon_core.package_identification:_identify(/home/acp/programming/rosdock/src/ros_tutorials) by extension 'python'
[0.156s] Level 1:colcon.colcon_core.package_identification:_identify(/home/acp/programming/rosdock/src/ros_tutorials) by extensions ['python_setup_py']
[0.156s] Level 1:colcon.colcon_core.package_identification:_identify(/home/acp/programming/rosdock/src/ros_tutorials) by extension 'python_setup_py'
[0.157s] Level 1:colcon.colcon_core.package_identification:_identify(/home/acp/programming/rosdock/src/ros_tutorials/turtlesim) by extensions ['ignore', 'ignore_ament_install']
[0.157s] Level 1:colcon.colcon_core.package_identification:_identify(/home/acp/programming/rosdock/src/ros_tutorials/turtlesim) by extension 'ignore'
[0.157s] Level 1:colcon.colcon_core.package_identification:_identify(/home/acp/programming/rosdock/src/ros_tutorials/turtlesim) by extension 'ignore_ament_install'
[0.157s] Level 1:colcon.colcon_core.package_identification:_identify(/home/acp/programming/rosdock/src/ros_tutorials/turtlesim) by extensions ['colcon_pkg']
[0.157s] Level 1:colcon.colcon_core.package_identification:_identify(/home/acp/programming/rosdock/src/ros_tutorials/turtlesim) by extension 'colcon_pkg'
[0.157s] Level 1:colcon.colcon_core.package_identification:_identify(/home/acp/programming/rosdock/src/ros_tutorials/turtlesim) by extensions ['colcon_meta']
[0.157s] Level 1:colcon.colcon_core.package_identification:_identify(/home/acp/programming/rosdock/src/ros_tutorials/turtlesim) by extension 'colcon_meta'
[0.157s] Level 1:colcon.colcon_core.package_identification:_identify(/home/acp/programming/rosdock/src/ros_tutorials/turtlesim) by extensions ['ros']
[0.157s] Level 1:colcon.colcon_core.package_identification:_identify(/home/acp/programming/rosdock/src/ros_tutorials/turtlesim) by extension 'ros'
[0.157s] DEBUG:colcon.colcon_core.package_identification:Package '/home/acp/programming/rosdock/src/ros_tutorials/turtlesim' with type 'ros.ament_cmake' and name 'turtlesim'
[0.157s] Level 1:colcon.colcon_core.package_identification:_identify(/home/acp/programming/rosdock/src/ros_tutorials/turtlesim_msgs) by extensions ['ignore', 'ignore_ament_install']
[0.157s] Level 1:colcon.colcon_core.package_identification:_identify(/home/acp/programming/rosdock/src/ros_tutorials/turtlesim_msgs) by extension 'ignore'
[0.158s] Level 1:colcon.colcon_core.package_identification:_identify(/home/acp/programming/rosdock/src/ros_tutorials/turtlesim_msgs) by extension 'ignore_ament_install'
[0.158s] Level 1:colcon.colcon_core.package_identification:_identify(/home/acp/programming/rosdock/src/ros_tutorials/turtlesim_msgs) by extensions ['colcon_pkg']
[0.158s] Level 1:colcon.colcon_core.package_identification:_identify(/home/acp/programming/rosdock/src/ros_tutorials/turtlesim_msgs) by extension 'colcon_pkg'
[0.158s] Level 1:colcon.colcon_core.package_identification:_identify(/home/acp/programming/rosdock/src/ros_tutorials/turtlesim_msgs) by extensions ['colcon_meta']
[0.158s] Level 1:colcon.colcon_core.package_identification:_identify(/home/acp/programming/rosdock/src/ros_tutorials/turtlesim_msgs) by extension 'colcon_meta'
[0.158s] Level 1:colcon.colcon_core.package_identification:_identify(/home/acp/programming/rosdock/src/ros_tutorials/turtlesim_msgs) by extensions ['ros']
[0.158s] Level 1:colcon.colcon_core.package_identification:_identify(/home/acp/programming/rosdock/src/ros_tutorials/turtlesim_msgs) by extension 'ros'
[0.159s] DEBUG:colcon.colcon_core.package_identification:Package '/home/acp/programming/rosdock/src/ros_tutorials/turtlesim_msgs' with type 'ros.ament_cmake' and name 'turtlesim_msgs'
[0.159s] Level 1:colcon.colcon_core.package_discovery:discover_packages(recursive) using defaults
