[0.574s] Invoking command in '/home/acp/programming/rosdock/src/cerpm': DEBUGINFOD_URLS=https://debuginfod.ubuntu.com PYTHONPATH=/home/acp/programming/rosdock/src/build/cerpm/prefix_override:/usr/lib/python3/dist-packages/colcon_core/task/python/colcon_distutils_commands:/home/acp/programming/rosdock/src/install/cerpm/lib/python3.12/site-packages:${PYTHONPATH} /usr/bin/python3 -W ignore:setup.py install is deprecated setup.py egg_info --egg-base ../build/cerpm build --build-base /home/acp/programming/rosdock/src/build/cerpm/build install --record /home/acp/programming/rosdock/src/build/cerpm/install.log --single-version-externally-managed install_data
[0.722s] running egg_info
[0.723s] creating ../build/cerpm/cerpm.egg-info
[0.731s] writing ../build/cerpm/cerpm.egg-info/PKG-INFO
[0.731s] writing dependency_links to ../build/cerpm/cerpm.egg-info/dependency_links.txt
[0.732s] writing requirements to ../build/cerpm/cerpm.egg-info/requires.txt
[0.732s] writing top-level names to ../build/cerpm/cerpm.egg-info/top_level.txt
[0.732s] writing manifest file '../build/cerpm/cerpm.egg-info/SOURCES.txt'
[0.749s] reading manifest file '../build/cerpm/cerpm.egg-info/SOURCES.txt'
[0.750s] adding license file 'LICENSE'
[0.750s] writing manifest file '../build/cerpm/cerpm.egg-info/SOURCES.txt'
[0.750s] running build
[0.750s] running build_py
[0.750s] creating /home/acp/programming/rosdock/src/build/cerpm/build
[0.750s] creating /home/acp/programming/rosdock/src/build/cerpm/build/lib
[0.750s] creating /home/acp/programming/rosdock/src/build/cerpm/build/lib/cerpm
[0.750s] copying cerpm/__init__.py -> /home/acp/programming/rosdock/src/build/cerpm/build/lib/cerpm
[0.751s] running install
[0.754s] running install_lib
[0.763s] creating /home/acp/programming/rosdock/src/install/cerpm/lib/python3.12/site-packages/cerpm
[0.763s] copying /home/acp/programming/rosdock/src/build/cerpm/build/lib/cerpm/__init__.py -> /home/acp/programming/rosdock/src/install/cerpm/lib/python3.12/site-packages/cerpm
[0.763s] byte-compiling /home/acp/programming/rosdock/src/install/cerpm/lib/python3.12/site-packages/cerpm/__init__.py to __init__.cpython-312.pyc
[0.763s] running install_data
[0.764s] creating /home/acp/programming/rosdock/src/install/cerpm/share/ament_index
[0.764s] creating /home/acp/programming/rosdock/src/install/cerpm/share/ament_index/resource_index
[0.764s] creating /home/acp/programming/rosdock/src/install/cerpm/share/ament_index/resource_index/packages
[0.764s] copying resource/cerpm -> /home/acp/programming/rosdock/src/install/cerpm/share/ament_index/resource_index/packages
[0.764s] copying package.xml -> /home/acp/programming/rosdock/src/install/cerpm/share/cerpm
[0.764s] running install_egg_info
[0.778s] Copying ../build/cerpm/cerpm.egg-info to /home/acp/programming/rosdock/src/install/cerpm/lib/python3.12/site-packages/cerpm-0.0.0-py3.12.egg-info
[0.779s] running install_scripts
[0.877s] writing list of installed files to '/home/acp/programming/rosdock/src/build/cerpm/install.log'
[0.919s] Invoked command in '/home/acp/programming/rosdock/src/cerpm' returned '0': DEBUGINFOD_URLS=https://debuginfod.ubuntu.com PYTHONPATH=/home/acp/programming/rosdock/src/build/cerpm/prefix_override:/usr/lib/python3/dist-packages/colcon_core/task/python/colcon_distutils_commands:/home/acp/programming/rosdock/src/install/cerpm/lib/python3.12/site-packages:${PYTHONPATH} /usr/bin/python3 -W ignore:setup.py install is deprecated setup.py egg_info --egg-base ../build/cerpm build --build-base /home/acp/programming/rosdock/src/build/cerpm/build install --record /home/acp/programming/rosdock/src/build/cerpm/install.log --single-version-externally-managed install_data
