[0.007s] Invoking command in '/home/acp/programming/rosdock/build/turtlesim': CMAKE_PREFIX_PATH=/home/acp/programming/rosdock/install/turtlesim_msgs:/home/acp/programming/rosdock/install/turtlesim:/opt/ros/rolling/opt/gz_math_vendor:/opt/ros/rolling/opt/gz_utils_vendor:/opt/ros/rolling/opt/gz_cmake_vendor:/home/acp/programming/rosdock/install/cerpm:/opt/ros/rolling DEBUGINFOD_URLS=https://debuginfod.ubuntu.com /usr/bin/cmake --build /home/acp/programming/rosdock/build/turtlesim -- -j16 -l16
[0.057s] [ 50%] Built target draw_square
[0.057s] [ 50%] Built target mimic
[0.057s] [ 50%] Built target turtle_teleop_key
[0.059s] [100%] Built target turtlesim_node
[0.069s] Invoked command in '/home/acp/programming/rosdock/build/turtlesim' returned '0': CMAKE_PREFIX_PATH=/home/acp/programming/rosdock/install/turtlesim_msgs:/home/acp/programming/rosdock/install/turtlesim:/opt/ros/rolling/opt/gz_math_vendor:/opt/ros/rolling/opt/gz_utils_vendor:/opt/ros/rolling/opt/gz_cmake_vendor:/home/acp/programming/rosdock/install/cerpm:/opt/ros/rolling DEBUGINFOD_URLS=https://debuginfod.ubuntu.com /usr/bin/cmake --build /home/acp/programming/rosdock/build/turtlesim -- -j16 -l16
[0.111s] Invoking command in '/home/acp/programming/rosdock/build/turtlesim': CMAKE_PREFIX_PATH=/home/acp/programming/rosdock/install/turtlesim_msgs:/home/acp/programming/rosdock/install/turtlesim:/opt/ros/rolling/opt/gz_math_vendor:/opt/ros/rolling/opt/gz_utils_vendor:/opt/ros/rolling/opt/gz_cmake_vendor:/home/acp/programming/rosdock/install/cerpm:/opt/ros/rolling DEBUGINFOD_URLS=https://debuginfod.ubuntu.com /usr/bin/cmake --install /home/acp/programming/rosdock/build/turtlesim
[0.118s] -- Install configuration: ""
[0.118s] -- Up-to-date: /home/acp/programming/rosdock/install/turtlesim/lib/turtlesim/turtlesim_node
[0.118s] -- Up-to-date: /home/acp/programming/rosdock/install/turtlesim/lib/turtlesim/turtle_teleop_key
[0.118s] -- Up-to-date: /home/acp/programming/rosdock/install/turtlesim/lib/turtlesim/draw_square
[0.118s] -- Up-to-date: /home/acp/programming/rosdock/install/turtlesim/lib/turtlesim/mimic
[0.119s] -- Up-to-date: /home/acp/programming/rosdock/install/turtlesim/share/turtlesim/images
[0.119s] -- Up-to-date: /home/acp/programming/rosdock/install/turtlesim/share/turtlesim/images/ardent.png
[0.119s] -- Up-to-date: /home/acp/programming/rosdock/install/turtlesim/share/turtlesim/images/galactic.png
[0.119s] -- Up-to-date: /home/acp/programming/rosdock/install/turtlesim/share/turtlesim/images/bouncy.png
[0.119s] -- Up-to-date: /home/acp/programming/rosdock/install/turtlesim/share/turtlesim/images/crystal.png
[0.119s] -- Up-to-date: /home/acp/programming/rosdock/install/turtlesim/share/turtlesim/images/jazzy.png
[0.119s] -- Up-to-date: /home/acp/programming/rosdock/install/turtlesim/share/turtlesim/images/rolling.png
[0.119s] -- Up-to-date: /home/acp/programming/rosdock/install/turtlesim/share/turtlesim/images/foxy.png
[0.119s] -- Up-to-date: /home/acp/programming/rosdock/install/turtlesim/share/turtlesim/images/dashing.png
[0.119s] -- Up-to-date: /home/acp/programming/rosdock/install/turtlesim/share/turtlesim/images/iron.png
[0.119s] -- Up-to-date: /home/acp/programming/rosdock/install/turtlesim/share/turtlesim/images/eloquent.png
[0.120s] -- Up-to-date: /home/acp/programming/rosdock/install/turtlesim/share/turtlesim/images/humble.png
[0.120s] -- Up-to-date: /home/acp/programming/rosdock/install/turtlesim/share/turtlesim/launch
[0.120s] -- Up-to-date: /home/acp/programming/rosdock/install/turtlesim/share/turtlesim/launch/multisim.launch.py
[0.120s] -- Up-to-date: /home/acp/programming/rosdock/install/turtlesim/share/ament_index/resource_index/package_run_dependencies/turtlesim
[0.120s] -- Up-to-date: /home/acp/programming/rosdock/install/turtlesim/share/ament_index/resource_index/parent_prefix_path/turtlesim
[0.120s] -- Up-to-date: /home/acp/programming/rosdock/install/turtlesim/share/turtlesim/environment/ament_prefix_path.sh
[0.120s] -- Up-to-date: /home/acp/programming/rosdock/install/turtlesim/share/turtlesim/environment/ament_prefix_path.dsv
[0.120s] -- Up-to-date: /home/acp/programming/rosdock/install/turtlesim/share/turtlesim/environment/path.sh
[0.120s] -- Up-to-date: /home/acp/programming/rosdock/install/turtlesim/share/turtlesim/environment/path.dsv
[0.120s] -- Up-to-date: /home/acp/programming/rosdock/install/turtlesim/share/turtlesim/local_setup.bash
[0.120s] -- Up-to-date: /home/acp/programming/rosdock/install/turtlesim/share/turtlesim/local_setup.sh
[0.120s] -- Up-to-date: /home/acp/programming/rosdock/install/turtlesim/share/turtlesim/local_setup.zsh
[0.120s] -- Up-to-date: /home/acp/programming/rosdock/install/turtlesim/share/turtlesim/local_setup.dsv
[0.120s] -- Installing: /home/acp/programming/rosdock/install/turtlesim/share/turtlesim/package.dsv
[0.120s] -- Up-to-date: /home/acp/programming/rosdock/install/turtlesim/share/ament_index/resource_index/packages/turtlesim
[0.120s] -- Up-to-date: /home/acp/programming/rosdock/install/turtlesim/share/turtlesim/cmake/turtlesimConfig.cmake
[0.120s] -- Up-to-date: /home/acp/programming/rosdock/install/turtlesim/share/turtlesim/cmake/turtlesimConfig-version.cmake
[0.120s] -- Up-to-date: /home/acp/programming/rosdock/install/turtlesim/share/turtlesim/package.xml
[0.121s] Invoked command in '/home/acp/programming/rosdock/build/turtlesim' returned '0': CMAKE_PREFIX_PATH=/home/acp/programming/rosdock/install/turtlesim_msgs:/home/acp/programming/rosdock/install/turtlesim:/opt/ros/rolling/opt/gz_math_vendor:/opt/ros/rolling/opt/gz_utils_vendor:/opt/ros/rolling/opt/gz_cmake_vendor:/home/acp/programming/rosdock/install/cerpm:/opt/ros/rolling DEBUGINFOD_URLS=https://debuginfod.ubuntu.com /usr/bin/cmake --install /home/acp/programming/rosdock/build/turtlesim
