[0.008s] Invoking command in '/home/acp/programming/rosdock/build/turtlesim': AMENT_PREFIX_PATH=/home/acp/programming/rosdock/install/turtlesim_msgs:${AMENT_PREFIX_PATH} CMAKE_PREFIX_PATH=/home/acp/programming/rosdock/install/turtlesim_msgs:/opt/ros/rolling/opt/gz_math_vendor:/opt/ros/rolling/opt/gz_utils_vendor:/opt/ros/rolling/opt/gz_cmake_vendor:/opt/ros/rolling DEBUGINFOD_URLS=https://debuginfod.ubuntu.com LD_LIBRARY_PATH=/home/acp/programming/rosdock/install/turtlesim_msgs/lib:${LD_LIBRARY_PATH} PYTHONPATH=/home/acp/programming/rosdock/install/turtlesim_msgs/lib/python3.12/site-packages:${PYTHONPATH} /usr/bin/cmake --build /home/acp/programming/rosdock/build/turtlesim -- -j16 -l16
[0.064s] [ 33%] Built target mimic
[0.064s] [ 33%] Built target turtle_teleop_key
[0.064s] [ 50%] Built target draw_square
[0.065s] [100%] Built target turtlesim_node
[0.075s] Invoked command in '/home/acp/programming/rosdock/build/turtlesim' returned '0': AMENT_PREFIX_PATH=/home/acp/programming/rosdock/install/turtlesim_msgs:${AMENT_PREFIX_PATH} CMAKE_PREFIX_PATH=/home/acp/programming/rosdock/install/turtlesim_msgs:/opt/ros/rolling/opt/gz_math_vendor:/opt/ros/rolling/opt/gz_utils_vendor:/opt/ros/rolling/opt/gz_cmake_vendor:/opt/ros/rolling DEBUGINFOD_URLS=https://debuginfod.ubuntu.com LD_LIBRARY_PATH=/home/acp/programming/rosdock/install/turtlesim_msgs/lib:${LD_LIBRARY_PATH} PYTHONPATH=/home/acp/programming/rosdock/install/turtlesim_msgs/lib/python3.12/site-packages:${PYTHONPATH} /usr/bin/cmake --build /home/acp/programming/rosdock/build/turtlesim -- -j16 -l16
[0.121s] Invoking command in '/home/acp/programming/rosdock/build/turtlesim': AMENT_PREFIX_PATH=/home/acp/programming/rosdock/install/turtlesim_msgs:${AMENT_PREFIX_PATH} CMAKE_PREFIX_PATH=/home/acp/programming/rosdock/install/turtlesim_msgs:/opt/ros/rolling/opt/gz_math_vendor:/opt/ros/rolling/opt/gz_utils_vendor:/opt/ros/rolling/opt/gz_cmake_vendor:/opt/ros/rolling DEBUGINFOD_URLS=https://debuginfod.ubuntu.com LD_LIBRARY_PATH=/home/acp/programming/rosdock/install/turtlesim_msgs/lib:${LD_LIBRARY_PATH} PYTHONPATH=/home/acp/programming/rosdock/install/turtlesim_msgs/lib/python3.12/site-packages:${PYTHONPATH} /usr/bin/cmake --install /home/acp/programming/rosdock/build/turtlesim
[0.127s] -- Install configuration: ""
[0.129s] -- Up-to-date: /home/acp/programming/rosdock/install/turtlesim/lib/turtlesim/turtlesim_node
[0.129s] -- Up-to-date: /home/acp/programming/rosdock/install/turtlesim/lib/turtlesim/turtle_teleop_key
[0.129s] -- Up-to-date: /home/acp/programming/rosdock/install/turtlesim/lib/turtlesim/draw_square
[0.130s] -- Up-to-date: /home/acp/programming/rosdock/install/turtlesim/lib/turtlesim/mimic
[0.130s] -- Up-to-date: /home/acp/programming/rosdock/install/turtlesim/share/turtlesim/images
[0.130s] -- Up-to-date: /home/acp/programming/rosdock/install/turtlesim/share/turtlesim/images/ardent.png
[0.130s] -- Up-to-date: /home/acp/programming/rosdock/install/turtlesim/share/turtlesim/images/galactic.png
[0.130s] -- Up-to-date: /home/acp/programming/rosdock/install/turtlesim/share/turtlesim/images/bouncy.png
[0.130s] -- Up-to-date: /home/acp/programming/rosdock/install/turtlesim/share/turtlesim/images/crystal.png
[0.130s] -- Up-to-date: /home/acp/programming/rosdock/install/turtlesim/share/turtlesim/images/jazzy.png
[0.130s] -- Up-to-date: /home/acp/programming/rosdock/install/turtlesim/share/turtlesim/images/rolling.png
[0.131s] -- Up-to-date: /home/acp/programming/rosdock/install/turtlesim/share/turtlesim/images/foxy.png
[0.131s] -- Up-to-date: /home/acp/programming/rosdock/install/turtlesim/share/turtlesim/images/dashing.png
[0.131s] -- Up-to-date: /home/acp/programming/rosdock/install/turtlesim/share/turtlesim/images/iron.png
[0.131s] -- Up-to-date: /home/acp/programming/rosdock/install/turtlesim/share/turtlesim/images/eloquent.png
[0.131s] -- Up-to-date: /home/acp/programming/rosdock/install/turtlesim/share/turtlesim/images/humble.png
[0.131s] -- Up-to-date: /home/acp/programming/rosdock/install/turtlesim/share/turtlesim/launch
[0.131s] -- Up-to-date: /home/acp/programming/rosdock/install/turtlesim/share/turtlesim/launch/multisim.launch.py
[0.131s] -- Up-to-date: /home/acp/programming/rosdock/install/turtlesim/share/ament_index/resource_index/package_run_dependencies/turtlesim
[0.131s] -- Up-to-date: /home/acp/programming/rosdock/install/turtlesim/share/ament_index/resource_index/parent_prefix_path/turtlesim
[0.131s] -- Up-to-date: /home/acp/programming/rosdock/install/turtlesim/share/turtlesim/environment/ament_prefix_path.sh
[0.131s] -- Up-to-date: /home/acp/programming/rosdock/install/turtlesim/share/turtlesim/environment/ament_prefix_path.dsv
[0.131s] -- Up-to-date: /home/acp/programming/rosdock/install/turtlesim/share/turtlesim/environment/path.sh
[0.131s] -- Up-to-date: /home/acp/programming/rosdock/install/turtlesim/share/turtlesim/environment/path.dsv
[0.131s] -- Up-to-date: /home/acp/programming/rosdock/install/turtlesim/share/turtlesim/local_setup.bash
[0.131s] -- Up-to-date: /home/acp/programming/rosdock/install/turtlesim/share/turtlesim/local_setup.sh
[0.131s] -- Up-to-date: /home/acp/programming/rosdock/install/turtlesim/share/turtlesim/local_setup.zsh
[0.131s] -- Up-to-date: /home/acp/programming/rosdock/install/turtlesim/share/turtlesim/local_setup.dsv
[0.131s] -- Installing: /home/acp/programming/rosdock/install/turtlesim/share/turtlesim/package.dsv
[0.131s] -- Up-to-date: /home/acp/programming/rosdock/install/turtlesim/share/ament_index/resource_index/packages/turtlesim
[0.131s] -- Up-to-date: /home/acp/programming/rosdock/install/turtlesim/share/turtlesim/cmake/turtlesimConfig.cmake
[0.131s] -- Up-to-date: /home/acp/programming/rosdock/install/turtlesim/share/turtlesim/cmake/turtlesimConfig-version.cmake
[0.131s] -- Up-to-date: /home/acp/programming/rosdock/install/turtlesim/share/turtlesim/package.xml
[0.133s] Invoked command in '/home/acp/programming/rosdock/build/turtlesim' returned '0': AMENT_PREFIX_PATH=/home/acp/programming/rosdock/install/turtlesim_msgs:${AMENT_PREFIX_PATH} CMAKE_PREFIX_PATH=/home/acp/programming/rosdock/install/turtlesim_msgs:/opt/ros/rolling/opt/gz_math_vendor:/opt/ros/rolling/opt/gz_utils_vendor:/opt/ros/rolling/opt/gz_cmake_vendor:/opt/ros/rolling DEBUGINFOD_URLS=https://debuginfod.ubuntu.com LD_LIBRARY_PATH=/home/acp/programming/rosdock/install/turtlesim_msgs/lib:${LD_LIBRARY_PATH} PYTHONPATH=/home/acp/programming/rosdock/install/turtlesim_msgs/lib/python3.12/site-packages:${PYTHONPATH} /usr/bin/cmake --install /home/acp/programming/rosdock/build/turtlesim
