[0.008s] Invoking command in '/home/acp/programming/rosdock/src/build/turtlesim': AMENT_PREFIX_PATH=/home/acp/programming/rosdock/src/install/turtlesim_msgs:${AMENT_PREFIX_PATH} CMAKE_PREFIX_PATH=/home/acp/programming/rosdock/src/install/turtlesim_msgs:/home/acp/programming/rosdock/install/turtlesim:/home/acp/programming/rosdock/install/turtlesim_msgs:/opt/ros/rolling/opt/gz_math_vendor:/opt/ros/rolling/opt/gz_utils_vendor:/opt/ros/rolling/opt/gz_cmake_vendor:/opt/ros/rolling DEBUGINFOD_URLS=https://debuginfod.ubuntu.com LD_LIBRARY_PATH=/home/acp/programming/rosdock/src/install/turtlesim_msgs/lib:${LD_LIBRARY_PATH} PYTHONPATH=/home/acp/programming/rosdock/src/install/turtlesim_msgs/lib/python3.12/site-packages:${PYTHONPATH} /usr/bin/cmake /home/acp/programming/rosdock/src/ros_tutorials/turtlesim -DCMAKE_INSTALL_PREFIX=/home/acp/programming/rosdock/src/install/turtlesim
[0.059s] -- The C compiler identification is GNU 13.2.0
[0.107s] -- The CXX compiler identification is GNU 13.2.0
[0.124s] -- Detecting C compiler ABI info
[0.214s] -- Detecting C compiler ABI info - done
[0.219s] -- Check for working C compiler: /usr/bin/cc - skipped
[0.220s] -- Detecting C compile features
[0.220s] -- Detecting C compile features - done
[0.230s] -- Detecting CXX compiler ABI info
[0.337s] -- Detecting CXX compiler ABI info - done
[0.352s] -- Check for working CXX compiler: /usr/bin/c++ - skipped
[0.353s] -- Detecting CXX compile features
[0.354s] -- Detecting CXX compile features - done
[0.358s] -- Found ament_cmake: 2.7.0 (/opt/ros/rolling/share/ament_cmake/cmake)
[0.473s] -- Found Python3: /usr/bin/python3 (found version "3.12.3") found components: Interpreter 
[0.570s] -- Found ament_index_cpp: 1.9.0 (/opt/ros/rolling/share/ament_index_cpp/cmake)
[0.572s] -- Found geometry_msgs: 5.4.1 (/opt/ros/rolling/share/geometry_msgs/cmake)
[0.598s] -- Found rosidl_generator_c: 4.8.1 (/opt/ros/rolling/share/rosidl_generator_c/cmake)
[0.606s] -- Found rosidl_generator_cpp: 4.8.1 (/opt/ros/rolling/share/rosidl_generator_cpp/cmake)
[0.616s] -- Using all available rosidl_typesupport_c: rosidl_typesupport_fastrtps_c;rosidl_typesupport_introspection_c
[0.628s] -- Using all available rosidl_typesupport_cpp: rosidl_typesupport_fastrtps_cpp;rosidl_typesupport_introspection_cpp
[0.667s] -- Found rclcpp: 28.3.3 (/opt/ros/rolling/share/rclcpp/cmake)
[0.710s] -- Found rmw_implementation_cmake: 7.4.3 (/opt/ros/rolling/share/rmw_implementation_cmake/cmake)
[0.712s] -- Found rmw_fastrtps_cpp: 9.0.1 (/opt/ros/rolling/share/rmw_fastrtps_cpp/cmake)
[0.789s] -- Found OpenSSL: /usr/lib/x86_64-linux-gnu/libcrypto.so (found version "3.0.13")  
[0.803s] -- Found FastRTPS: /opt/ros/rolling/include (Required is at least version "2.13") 
[0.824s] -- Using RMW implementation 'rmw_fastrtps_cpp' as default
[0.871s] -- Found rclcpp_action: 28.3.3 (/opt/ros/rolling/share/rclcpp_action/cmake)
[0.900s] -- Found std_srvs: 5.4.1 (/opt/ros/rolling/share/std_srvs/cmake)
[0.911s] -- Found turtlesim_msgs: 1.9.2 (/home/acp/programming/rosdock/src/install/turtlesim_msgs/share/turtlesim_msgs/cmake)
[0.928s] -- Found ament_lint_auto: 0.18.1 (/opt/ros/rolling/share/ament_lint_auto/cmake)
[1.008s] -- Added test 'copyright' to check source files copyright and LICENSE
[1.009s] -- Added test 'cppcheck' to perform static code analysis on C / C++ code
[1.010s] -- Configured cppcheck include dirs: /home/acp/programming/rosdock/src/ros_tutorials/turtlesim/include
[1.010s] -- Configured cppcheck exclude dirs and/or files: 
[1.011s] -- Added test 'cpplint' to check C / C++ code against the Google style
[1.012s] -- Configured cpplint exclude dirs and/or files: 
[1.012s] -- Added test 'flake8' to check Python code syntax and style conventions
[1.012s] -- Configured 'flake8' exclude dirs and/or files: 
[1.012s] -- Added test 'lint_cmake' to check CMake code style
[1.013s] -- Added test 'pep257' to check Python code against some of the docstring style conventions in PEP 257
[1.014s] -- Added test 'uncrustify' to check C / C++ code style
[1.014s] -- Configured uncrustify additional arguments: 
[1.015s] -- Added test 'xmllint' to check XML markup files
[1.016s] -- Configuring done (1.0s)
[1.034s] -- Generating done (0.0s)
[1.036s] -- Build files have been written to: /home/acp/programming/rosdock/src/build/turtlesim
[1.047s] Invoked command in '/home/acp/programming/rosdock/src/build/turtlesim' returned '0': AMENT_PREFIX_PATH=/home/acp/programming/rosdock/src/install/turtlesim_msgs:${AMENT_PREFIX_PATH} CMAKE_PREFIX_PATH=/home/acp/programming/rosdock/src/install/turtlesim_msgs:/home/acp/programming/rosdock/install/turtlesim:/home/acp/programming/rosdock/install/turtlesim_msgs:/opt/ros/rolling/opt/gz_math_vendor:/opt/ros/rolling/opt/gz_utils_vendor:/opt/ros/rolling/opt/gz_cmake_vendor:/opt/ros/rolling DEBUGINFOD_URLS=https://debuginfod.ubuntu.com LD_LIBRARY_PATH=/home/acp/programming/rosdock/src/install/turtlesim_msgs/lib:${LD_LIBRARY_PATH} PYTHONPATH=/home/acp/programming/rosdock/src/install/turtlesim_msgs/lib/python3.12/site-packages:${PYTHONPATH} /usr/bin/cmake /home/acp/programming/rosdock/src/ros_tutorials/turtlesim -DCMAKE_INSTALL_PREFIX=/home/acp/programming/rosdock/src/install/turtlesim
[1.048s] Invoking command in '/home/acp/programming/rosdock/src/build/turtlesim': AMENT_PREFIX_PATH=/home/acp/programming/rosdock/src/install/turtlesim_msgs:${AMENT_PREFIX_PATH} CMAKE_PREFIX_PATH=/home/acp/programming/rosdock/src/install/turtlesim_msgs:/home/acp/programming/rosdock/install/turtlesim:/home/acp/programming/rosdock/install/turtlesim_msgs:/opt/ros/rolling/opt/gz_math_vendor:/opt/ros/rolling/opt/gz_utils_vendor:/opt/ros/rolling/opt/gz_cmake_vendor:/opt/ros/rolling DEBUGINFOD_URLS=https://debuginfod.ubuntu.com LD_LIBRARY_PATH=/home/acp/programming/rosdock/src/install/turtlesim_msgs/lib:${LD_LIBRARY_PATH} PYTHONPATH=/home/acp/programming/rosdock/src/install/turtlesim_msgs/lib/python3.12/site-packages:${PYTHONPATH} /usr/bin/cmake --build /home/acp/programming/rosdock/src/build/turtlesim -- -j16 -l16
[1.092s] [  8%] [34m[1mGenerating include/turtlesim/moc_turtle_frame.cpp[0m
[1.102s] [ 33%] [32mBuilding CXX object CMakeFiles/turtle_teleop_key.dir/tutorials/teleop_turtle_key.cpp.o[0m
[1.102s] [ 33%] [32mBuilding CXX object CMakeFiles/draw_square.dir/tutorials/draw_square.cpp.o[0m
[1.102s] [ 33%] [32mBuilding CXX object CMakeFiles/mimic.dir/tutorials/mimic.cpp.o[0m
[1.148s] [ 66%] [32mBuilding CXX object CMakeFiles/turtlesim_node.dir/src/turtle.cpp.o[0m
[1.148s] [ 66%] [32mBuilding CXX object CMakeFiles/turtlesim_node.dir/src/turtlesim.cpp.o[0m
[1.148s] [ 66%] [32mBuilding CXX object CMakeFiles/turtlesim_node.dir/src/turtle_frame.cpp.o[0m
[1.148s] [ 66%] [32mBuilding CXX object CMakeFiles/turtlesim_node.dir/include/turtlesim/moc_turtle_frame.cpp.o[0m
[5.975s] [ 75%] [32m[1mLinking CXX executable turtle_teleop_key[0m
[6.146s] [ 75%] Built target turtle_teleop_key
[7.783s] [ 83%] [32m[1mLinking CXX executable mimic[0m
[8.004s] [ 83%] Built target mimic
[8.332s] [ 91%] [32m[1mLinking CXX executable draw_square[0m
[8.624s] [ 91%] Built target draw_square
[11.218s] [100%] [32m[1mLinking CXX executable turtlesim_node[0m
[12.674s] [100%] Built target turtlesim_node
[12.685s] Invoked command in '/home/acp/programming/rosdock/src/build/turtlesim' returned '0': AMENT_PREFIX_PATH=/home/acp/programming/rosdock/src/install/turtlesim_msgs:${AMENT_PREFIX_PATH} CMAKE_PREFIX_PATH=/home/acp/programming/rosdock/src/install/turtlesim_msgs:/home/acp/programming/rosdock/install/turtlesim:/home/acp/programming/rosdock/install/turtlesim_msgs:/opt/ros/rolling/opt/gz_math_vendor:/opt/ros/rolling/opt/gz_utils_vendor:/opt/ros/rolling/opt/gz_cmake_vendor:/opt/ros/rolling DEBUGINFOD_URLS=https://debuginfod.ubuntu.com LD_LIBRARY_PATH=/home/acp/programming/rosdock/src/install/turtlesim_msgs/lib:${LD_LIBRARY_PATH} PYTHONPATH=/home/acp/programming/rosdock/src/install/turtlesim_msgs/lib/python3.12/site-packages:${PYTHONPATH} /usr/bin/cmake --build /home/acp/programming/rosdock/src/build/turtlesim -- -j16 -l16
[12.735s] Invoking command in '/home/acp/programming/rosdock/src/build/turtlesim': AMENT_PREFIX_PATH=/home/acp/programming/rosdock/src/install/turtlesim_msgs:${AMENT_PREFIX_PATH} CMAKE_PREFIX_PATH=/home/acp/programming/rosdock/src/install/turtlesim_msgs:/home/acp/programming/rosdock/install/turtlesim:/home/acp/programming/rosdock/install/turtlesim_msgs:/opt/ros/rolling/opt/gz_math_vendor:/opt/ros/rolling/opt/gz_utils_vendor:/opt/ros/rolling/opt/gz_cmake_vendor:/opt/ros/rolling DEBUGINFOD_URLS=https://debuginfod.ubuntu.com LD_LIBRARY_PATH=/home/acp/programming/rosdock/src/install/turtlesim_msgs/lib:${LD_LIBRARY_PATH} PYTHONPATH=/home/acp/programming/rosdock/src/install/turtlesim_msgs/lib/python3.12/site-packages:${PYTHONPATH} /usr/bin/cmake --install /home/acp/programming/rosdock/src/build/turtlesim
[12.741s] -- Install configuration: ""
[12.741s] -- Installing: /home/acp/programming/rosdock/src/install/turtlesim/lib/turtlesim/turtlesim_node
[12.751s] -- Set non-toolchain portion of runtime path of "/home/acp/programming/rosdock/src/install/turtlesim/lib/turtlesim/turtlesim_node" to ""
[12.751s] -- Installing: /home/acp/programming/rosdock/src/install/turtlesim/lib/turtlesim/turtle_teleop_key
[12.753s] -- Set non-toolchain portion of runtime path of "/home/acp/programming/rosdock/src/install/turtlesim/lib/turtlesim/turtle_teleop_key" to ""
[12.753s] -- Installing: /home/acp/programming/rosdock/src/install/turtlesim/lib/turtlesim/draw_square
[12.758s] -- Set non-toolchain portion of runtime path of "/home/acp/programming/rosdock/src/install/turtlesim/lib/turtlesim/draw_square" to ""
[12.758s] -- Installing: /home/acp/programming/rosdock/src/install/turtlesim/lib/turtlesim/mimic
[12.762s] -- Set non-toolchain portion of runtime path of "/home/acp/programming/rosdock/src/install/turtlesim/lib/turtlesim/mimic" to ""
[12.762s] -- Installing: /home/acp/programming/rosdock/src/install/turtlesim/share/turtlesim/images
[12.762s] -- Installing: /home/acp/programming/rosdock/src/install/turtlesim/share/turtlesim/images/ardent.png
[12.762s] -- Installing: /home/acp/programming/rosdock/src/install/turtlesim/share/turtlesim/images/galactic.png
[12.763s] -- Installing: /home/acp/programming/rosdock/src/install/turtlesim/share/turtlesim/images/bouncy.png
[12.763s] -- Installing: /home/acp/programming/rosdock/src/install/turtlesim/share/turtlesim/images/crystal.png
[12.763s] -- Installing: /home/acp/programming/rosdock/src/install/turtlesim/share/turtlesim/images/jazzy.png
[12.763s] -- Installing: /home/acp/programming/rosdock/src/install/turtlesim/share/turtlesim/images/rolling.png
[12.763s] -- Installing: /home/acp/programming/rosdock/src/install/turtlesim/share/turtlesim/images/foxy.png
[12.763s] -- Installing: /home/acp/programming/rosdock/src/install/turtlesim/share/turtlesim/images/dashing.png
[12.763s] -- Installing: /home/acp/programming/rosdock/src/install/turtlesim/share/turtlesim/images/iron.png
[12.763s] -- Installing: /home/acp/programming/rosdock/src/install/turtlesim/share/turtlesim/images/eloquent.png
[12.763s] -- Installing: /home/acp/programming/rosdock/src/install/turtlesim/share/turtlesim/images/humble.png
[12.763s] -- Installing: /home/acp/programming/rosdock/src/install/turtlesim/share/turtlesim/launch
[12.763s] -- Installing: /home/acp/programming/rosdock/src/install/turtlesim/share/turtlesim/launch/multisim.launch.py
[12.763s] -- Installing: /home/acp/programming/rosdock/src/install/turtlesim/share/ament_index/resource_index/package_run_dependencies/turtlesim
[12.763s] -- Installing: /home/acp/programming/rosdock/src/install/turtlesim/share/ament_index/resource_index/parent_prefix_path/turtlesim
[12.764s] -- Installing: /home/acp/programming/rosdock/src/install/turtlesim/share/turtlesim/environment/ament_prefix_path.sh
[12.764s] -- Installing: /home/acp/programming/rosdock/src/install/turtlesim/share/turtlesim/environment/ament_prefix_path.dsv
[12.764s] -- Installing: /home/acp/programming/rosdock/src/install/turtlesim/share/turtlesim/environment/path.sh
[12.764s] -- Installing: /home/acp/programming/rosdock/src/install/turtlesim/share/turtlesim/environment/path.dsv
[12.764s] -- Installing: /home/acp/programming/rosdock/src/install/turtlesim/share/turtlesim/local_setup.bash
[12.764s] -- Installing: /home/acp/programming/rosdock/src/install/turtlesim/share/turtlesim/local_setup.sh
[12.764s] -- Installing: /home/acp/programming/rosdock/src/install/turtlesim/share/turtlesim/local_setup.zsh
[12.764s] -- Installing: /home/acp/programming/rosdock/src/install/turtlesim/share/turtlesim/local_setup.dsv
[12.764s] -- Installing: /home/acp/programming/rosdock/src/install/turtlesim/share/turtlesim/package.dsv
[12.765s] -- Installing: /home/acp/programming/rosdock/src/install/turtlesim/share/ament_index/resource_index/packages/turtlesim
[12.765s] -- Installing: /home/acp/programming/rosdock/src/install/turtlesim/share/turtlesim/cmake/turtlesimConfig.cmake
[12.765s] -- Installing: /home/acp/programming/rosdock/src/install/turtlesim/share/turtlesim/cmake/turtlesimConfig-version.cmake
[12.765s] -- Installing: /home/acp/programming/rosdock/src/install/turtlesim/share/turtlesim/package.xml
[12.767s] Invoked command in '/home/acp/programming/rosdock/src/build/turtlesim' returned '0': AMENT_PREFIX_PATH=/home/acp/programming/rosdock/src/install/turtlesim_msgs:${AMENT_PREFIX_PATH} CMAKE_PREFIX_PATH=/home/acp/programming/rosdock/src/install/turtlesim_msgs:/home/acp/programming/rosdock/install/turtlesim:/home/acp/programming/rosdock/install/turtlesim_msgs:/opt/ros/rolling/opt/gz_math_vendor:/opt/ros/rolling/opt/gz_utils_vendor:/opt/ros/rolling/opt/gz_cmake_vendor:/opt/ros/rolling DEBUGINFOD_URLS=https://debuginfod.ubuntu.com LD_LIBRARY_PATH=/home/acp/programming/rosdock/src/install/turtlesim_msgs/lib:${LD_LIBRARY_PATH} PYTHONPATH=/home/acp/programming/rosdock/src/install/turtlesim_msgs/lib/python3.12/site-packages:${PYTHONPATH} /usr/bin/cmake --install /home/acp/programming/rosdock/src/build/turtlesim
