[  1%] Built target turtlesim_msgs__rosidl_generator_type_description
[  1%] Built target ament_cmake_python_copy_turtlesim_msgs
[  1%] Built target turtlesim_msgs__cpp
[ 26%] Built target turtlesim_msgs__rosidl_generator_c
[ 76%] Built target turtlesim_msgs__rosidl_typesupport_introspection_c
[ 76%] Built target turtlesim_msgs__rosidl_typesupport_cpp
[ 76%] Built target turtlesim_msgs__rosidl_typesupport_c
[ 78%] Built target turtlesim_msgs__rosidl_typesupport_introspection_cpp
[ 78%] Built target turtlesim_msgs__rosidl_typesupport_fastrtps_cpp
[ 84%] Built target turtlesim_msgs__rosidl_typesupport_fastrtps_c
[ 84%] Built target turtlesim_msgs
[ 85%] Built target turtlesim_msgs__py
[ 94%] Built target turtlesim_msgs__rosidl_generator_py
[100%] Built target turtlesim_msgs_s__rosidl_typesupport_c
[100%] Built target turtlesim_msgs_s__rosidl_typesupport_introspection_c
[100%] Built target turtlesim_msgs_s__rosidl_typesupport_fastrtps_c
running egg_info
writing turtlesim_msgs.egg-info/PKG-INFO
writing dependency_links to turtlesim_msgs.egg-info/dependency_links.txt
writing top-level names to turtlesim_msgs.egg-info/top_level.txt
reading manifest file 'turtlesim_msgs.egg-info/SOURCES.txt'
writing manifest file 'turtlesim_msgs.egg-info/SOURCES.txt'
[100%] Built target ament_cmake_python_build_turtlesim_msgs_egg
