[0.010s] Invoking command in '/home/acp/programming/rosdock/src/build/turtlesim_msgs': CMAKE_PREFIX_PATH=${CMAKE_PREFIX_PATH}:/opt/ros/rolling DEBUGINFOD_URLS=https://debuginfod.ubuntu.com /usr/bin/cmake /home/acp/programming/rosdock/src/ros_tutorials/turtlesim_msgs -DCMAKE_INSTALL_PREFIX=/home/acp/programming/rosdock/src/install/turtlesim_msgs
[0.060s] -- The C compiler identification is GNU 13.2.0
[0.109s] -- The CXX compiler identification is GNU 13.2.0
[0.127s] -- Detecting C compiler ABI info
[0.217s] -- Detecting C compiler ABI info - done
[0.223s] -- Check for working C compiler: /usr/bin/cc - skipped
[0.223s] -- Detecting C compile features
[0.224s] -- Detecting C compile features - done
[0.234s] -- Detecting CXX compiler ABI info
[0.327s] -- Detecting CXX compiler ABI info - done
[0.333s] -- Check for working CXX compiler: /usr/bin/c++ - skipped
[0.333s] -- Detecting CXX compile features
[0.333s] -- Detecting CXX compile features - done
[0.335s] -- Found ament_cmake: 2.7.0 (/opt/ros/rolling/share/ament_cmake/cmake)
[0.444s] -- Found Python3: /usr/bin/python3 (found version "3.12.3") found components: Interpreter 
[0.536s] -- Found builtin_interfaces: 2.2.0 (/opt/ros/rolling/share/builtin_interfaces/cmake)
[0.560s] -- Found rosidl_generator_c: 4.8.1 (/opt/ros/rolling/share/rosidl_generator_c/cmake)
[0.568s] -- Found rosidl_generator_cpp: 4.8.1 (/opt/ros/rolling/share/rosidl_generator_cpp/cmake)
[0.579s] -- Using all available rosidl_typesupport_c: rosidl_typesupport_fastrtps_c;rosidl_typesupport_introspection_c
[0.589s] -- Using all available rosidl_typesupport_cpp: rosidl_typesupport_fastrtps_cpp;rosidl_typesupport_introspection_cpp
[0.599s] -- Found rosidl_default_generators: 1.7.1 (/opt/ros/rolling/share/rosidl_default_generators/cmake)
[0.611s] -- Found rosidl_adapter: 4.8.1 (/opt/ros/rolling/share/rosidl_adapter/cmake)
[1.110s] -- Found ament_cmake_cppcheck: 0.18.1 (/opt/ros/rolling/share/ament_cmake_cppcheck/cmake)
[1.114s] -- Found ament_cmake_cpplint: 0.18.1 (/opt/ros/rolling/share/ament_cmake_cpplint/cmake)
[1.117s] -- Found ament_cmake_uncrustify: 0.18.1 (/opt/ros/rolling/share/ament_cmake_uncrustify/cmake)
[1.121s] -- Found ament_cmake_ros: 0.13.0 (/opt/ros/rolling/share/ament_cmake_ros/cmake)
[1.689s] -- Using all available rosidl_typesupport_c: rosidl_typesupport_fastrtps_c;rosidl_typesupport_introspection_c
[1.936s] -- Using all available rosidl_typesupport_cpp: rosidl_typesupport_fastrtps_cpp;rosidl_typesupport_introspection_cpp
[1.942s] -- Found python_cmake_module: 0.12.0 (/opt/ros/rolling/share/python_cmake_module/cmake)
[2.048s] -- Found PythonExtra: /usr/bin/python3  
[2.375s] -- Found Python3: /usr/bin/python3 (found version "3.12.3") found components: Interpreter Development NumPy Development.Module Development.Embed 
[2.422s] -- Found ament_cmake_flake8: 0.18.1 (/opt/ros/rolling/share/ament_cmake_flake8/cmake)
[2.426s] -- Found ament_cmake_pep257: 0.18.1 (/opt/ros/rolling/share/ament_cmake_pep257/cmake)
[2.439s] -- Configuring done (2.4s)
[2.475s] -- Generating done (0.0s)
[2.477s] -- Build files have been written to: /home/acp/programming/rosdock/src/build/turtlesim_msgs
[2.491s] Invoked command in '/home/acp/programming/rosdock/src/build/turtlesim_msgs' returned '0': CMAKE_PREFIX_PATH=${CMAKE_PREFIX_PATH}:/opt/ros/rolling DEBUGINFOD_URLS=https://debuginfod.ubuntu.com /usr/bin/cmake /home/acp/programming/rosdock/src/ros_tutorials/turtlesim_msgs -DCMAKE_INSTALL_PREFIX=/home/acp/programming/rosdock/src/install/turtlesim_msgs
[2.494s] Invoking command in '/home/acp/programming/rosdock/src/build/turtlesim_msgs': CMAKE_PREFIX_PATH=${CMAKE_PREFIX_PATH}:/opt/ros/rolling DEBUGINFOD_URLS=https://debuginfod.ubuntu.com /usr/bin/cmake --build /home/acp/programming/rosdock/src/build/turtlesim_msgs -- -j16 -l16
[2.548s] [  1%] [34m[1mGenerating type hashes for ROS interfaces[0m
[2.555s] [  1%] Built target ament_cmake_python_copy_turtlesim_msgs
[2.680s] running egg_info
[2.680s] creating turtlesim_msgs.egg-info
[2.689s] writing turtlesim_msgs.egg-info/PKG-INFO
[2.689s] writing dependency_links to turtlesim_msgs.egg-info/dependency_links.txt
[2.689s] writing top-level names to turtlesim_msgs.egg-info/top_level.txt
[2.689s] writing manifest file 'turtlesim_msgs.egg-info/SOURCES.txt'
[2.717s] reading manifest file 'turtlesim_msgs.egg-info/SOURCES.txt'
[2.717s] writing manifest file 'turtlesim_msgs.egg-info/SOURCES.txt'
[2.741s] [  1%] Built target turtlesim_msgs__rosidl_generator_type_description
[2.752s] [  2%] [34m[1mGenerating C code for ROS interfaces[0m
[2.763s] [  2%] [34m[1mGenerating C++ code for ROS interfaces[0m
[2.764s] [  2%] Built target ament_cmake_python_build_turtlesim_msgs_egg
[3.299s] [  2%] Built target turtlesim_msgs__cpp
[3.435s] [  9%] [32mBuilding C object CMakeFiles/turtlesim_msgs__rosidl_generator_c.dir/rosidl_generator_c/turtlesim_msgs/msg/detail/pose__description.c.o[0m
[3.435s] [ 13%] [32mBuilding C object CMakeFiles/turtlesim_msgs__rosidl_generator_c.dir/rosidl_generator_c/turtlesim_msgs/action/detail/rotate_absolute__functions.c.o[0m
[3.436s] [ 14%] [32mBuilding C object CMakeFiles/turtlesim_msgs__rosidl_generator_c.dir/rosidl_generator_c/turtlesim_msgs/msg/detail/pose__type_support.c.o[0m
[3.437s] [  9%] [32mBuilding C object CMakeFiles/turtlesim_msgs__rosidl_generator_c.dir/rosidl_generator_c/turtlesim_msgs/msg/detail/color__type_support.c.o[0m
[3.437s] [  9%] [32mBuilding C object CMakeFiles/turtlesim_msgs__rosidl_generator_c.dir/rosidl_generator_c/turtlesim_msgs/msg/detail/color__functions.c.o[0m
[3.437s] [  9%] [32mBuilding C object CMakeFiles/turtlesim_msgs__rosidl_generator_c.dir/rosidl_generator_c/turtlesim_msgs/msg/detail/pose__functions.c.o[0m
[3.437s] [  9%] [32mBuilding C object CMakeFiles/turtlesim_msgs__rosidl_generator_c.dir/rosidl_generator_c/turtlesim_msgs/srv/detail/set_pen__functions.c.o[0m
[3.437s] [  9%] [32mBuilding C object CMakeFiles/turtlesim_msgs__rosidl_generator_c.dir/rosidl_generator_c/turtlesim_msgs/srv/detail/kill__description.c.o[0m
[3.437s] [ 17%] [32mBuilding C object CMakeFiles/turtlesim_msgs__rosidl_generator_c.dir/rosidl_generator_c/turtlesim_msgs/srv/detail/kill__type_support.c.o[0m
[3.437s] [ 17%] [32mBuilding C object CMakeFiles/turtlesim_msgs__rosidl_generator_c.dir/rosidl_generator_c/turtlesim_msgs/msg/detail/color__description.c.o[0m
[3.437s] [ 17%] [32mBuilding C object CMakeFiles/turtlesim_msgs__rosidl_generator_c.dir/rosidl_generator_c/turtlesim_msgs/srv/detail/set_pen__type_support.c.o[0m
[3.437s] [ 17%] [32mBuilding C object CMakeFiles/turtlesim_msgs__rosidl_generator_c.dir/rosidl_generator_c/turtlesim_msgs/action/detail/rotate_absolute__type_support.c.o[0m
[3.437s] [ 17%] [32mBuilding C object CMakeFiles/turtlesim_msgs__rosidl_generator_c.dir/rosidl_generator_c/turtlesim_msgs/action/detail/rotate_absolute__description.c.o[0m
[3.437s] [ 17%] [32mBuilding C object CMakeFiles/turtlesim_msgs__rosidl_generator_c.dir/rosidl_generator_c/turtlesim_msgs/srv/detail/kill__functions.c.o[0m
[3.437s] [ 17%] [32mBuilding C object CMakeFiles/turtlesim_msgs__rosidl_generator_c.dir/rosidl_generator_c/turtlesim_msgs/srv/detail/set_pen__description.c.o[0m
[3.437s] [ 18%] [32mBuilding C object CMakeFiles/turtlesim_msgs__rosidl_generator_c.dir/rosidl_generator_c/turtlesim_msgs/srv/detail/spawn__description.c.o[0m
[3.484s] [ 20%] [32mBuilding C object CMakeFiles/turtlesim_msgs__rosidl_generator_c.dir/rosidl_generator_c/turtlesim_msgs/srv/detail/spawn__type_support.c.o[0m
[3.484s] [ 20%] [32mBuilding C object CMakeFiles/turtlesim_msgs__rosidl_generator_c.dir/rosidl_generator_c/turtlesim_msgs/srv/detail/spawn__functions.c.o[0m
[3.488s] [ 24%] [32mBuilding C object CMakeFiles/turtlesim_msgs__rosidl_generator_c.dir/rosidl_generator_c/turtlesim_msgs/srv/detail/teleport_absolute__functions.c.o[0m
[3.488s] [ 24%] [32mBuilding C object CMakeFiles/turtlesim_msgs__rosidl_generator_c.dir/rosidl_generator_c/turtlesim_msgs/srv/detail/teleport_absolute__description.c.o[0m
[3.488s] [ 24%] [32mBuilding C object CMakeFiles/turtlesim_msgs__rosidl_generator_c.dir/rosidl_generator_c/turtlesim_msgs/srv/detail/teleport_relative__description.c.o[0m
[3.488s] [ 24%] [32mBuilding C object CMakeFiles/turtlesim_msgs__rosidl_generator_c.dir/rosidl_generator_c/turtlesim_msgs/srv/detail/teleport_absolute__type_support.c.o[0m
[3.496s] [ 25%] [32mBuilding C object CMakeFiles/turtlesim_msgs__rosidl_generator_c.dir/rosidl_generator_c/turtlesim_msgs/srv/detail/teleport_relative__functions.c.o[0m
[3.498s] [ 25%] [32mBuilding C object CMakeFiles/turtlesim_msgs__rosidl_generator_c.dir/rosidl_generator_c/turtlesim_msgs/srv/detail/teleport_relative__type_support.c.o[0m
[3.592s] [ 26%] [32m[1mLinking C shared library libturtlesim_msgs__rosidl_generator_c.so[0m
[3.634s] [ 26%] Built target turtlesim_msgs__rosidl_generator_c
[3.644s] [ 30%] [34m[1mGenerating C++ type support dispatch for ROS interfaces[0m
[3.644s] [ 30%] [34m[1mGenerating C type support dispatch for ROS interfaces[0m
[3.644s] [ 30%] [34m[1mGenerating C++ introspection for ROS interfaces[0m
[3.644s] [ 30%] [34m[1mGenerating C type support for eProsima Fast-RTPS[0m
[3.644s] [ 30%] [34m[1mGenerating C introspection for ROS interfaces[0m
[3.644s] [ 31%] [34m[1mGenerating C++ type support for eProsima Fast-RTPS[0m
[3.962s] [ 32%] [32mBuilding CXX object CMakeFiles/turtlesim_msgs__rosidl_typesupport_c.dir/rosidl_typesupport_c/turtlesim_msgs/msg/color__type_support.cpp.o[0m
[3.962s] [ 33%] [32mBuilding CXX object CMakeFiles/turtlesim_msgs__rosidl_typesupport_c.dir/rosidl_typesupport_c/turtlesim_msgs/msg/pose__type_support.cpp.o[0m
[3.962s] [ 34%] [32mBuilding CXX object CMakeFiles/turtlesim_msgs__rosidl_typesupport_c.dir/rosidl_typesupport_c/turtlesim_msgs/action/rotate_absolute__type_support.cpp.o[0m
[3.962s] [ 35%] [32mBuilding CXX object CMakeFiles/turtlesim_msgs__rosidl_typesupport_c.dir/rosidl_typesupport_c/turtlesim_msgs/srv/kill__type_support.cpp.o[0m
[3.962s] [ 36%] [32mBuilding CXX object CMakeFiles/turtlesim_msgs__rosidl_typesupport_c.dir/rosidl_typesupport_c/turtlesim_msgs/srv/teleport_absolute__type_support.cpp.o[0m
[3.962s] [ 38%] [32mBuilding CXX object CMakeFiles/turtlesim_msgs__rosidl_typesupport_c.dir/rosidl_typesupport_c/turtlesim_msgs/srv/set_pen__type_support.cpp.o[0m
[3.962s] [ 38%] [32mBuilding CXX object CMakeFiles/turtlesim_msgs__rosidl_typesupport_c.dir/rosidl_typesupport_c/turtlesim_msgs/srv/spawn__type_support.cpp.o[0m
[3.962s] [ 39%] [32mBuilding CXX object CMakeFiles/turtlesim_msgs__rosidl_typesupport_c.dir/rosidl_typesupport_c/turtlesim_msgs/srv/teleport_relative__type_support.cpp.o[0m
[3.973s] [ 40%] [32mBuilding CXX object CMakeFiles/turtlesim_msgs__rosidl_typesupport_cpp.dir/rosidl_typesupport_cpp/turtlesim_msgs/srv/kill__type_support.cpp.o[0m
[3.973s] [ 41%] [32mBuilding CXX object CMakeFiles/turtlesim_msgs__rosidl_typesupport_cpp.dir/rosidl_typesupport_cpp/turtlesim_msgs/action/rotate_absolute__type_support.cpp.o[0m
[3.973s] [ 41%] [32mBuilding CXX object CMakeFiles/turtlesim_msgs__rosidl_typesupport_cpp.dir/rosidl_typesupport_cpp/turtlesim_msgs/msg/pose__type_support.cpp.o[0m
[3.974s] [ 42%] [32mBuilding CXX object CMakeFiles/turtlesim_msgs__rosidl_typesupport_cpp.dir/rosidl_typesupport_cpp/turtlesim_msgs/msg/color__type_support.cpp.o[0m
[4.013s] [ 46%] [32mBuilding CXX object CMakeFiles/turtlesim_msgs__rosidl_typesupport_cpp.dir/rosidl_typesupport_cpp/turtlesim_msgs/srv/spawn__type_support.cpp.o[0m
[4.014s] [ 46%] [32mBuilding CXX object CMakeFiles/turtlesim_msgs__rosidl_typesupport_cpp.dir/rosidl_typesupport_cpp/turtlesim_msgs/srv/teleport_relative__type_support.cpp.o[0m
[4.014s] [ 46%] [32mBuilding CXX object CMakeFiles/turtlesim_msgs__rosidl_typesupport_cpp.dir/rosidl_typesupport_cpp/turtlesim_msgs/srv/set_pen__type_support.cpp.o[0m
[4.014s] [ 46%] [32mBuilding CXX object CMakeFiles/turtlesim_msgs__rosidl_typesupport_cpp.dir/rosidl_typesupport_cpp/turtlesim_msgs/srv/teleport_absolute__type_support.cpp.o[0m
[4.030s] [ 47%] [32m[1mLinking CXX shared library libturtlesim_msgs__rosidl_typesupport_c.so[0m
[4.081s] [ 47%] Built target turtlesim_msgs__rosidl_typesupport_c
[4.128s] [ 48%] [32mBuilding CXX object CMakeFiles/turtlesim_msgs__rosidl_typesupport_introspection_cpp.dir/rosidl_typesupport_introspection_cpp/turtlesim_msgs/msg/detail/color__type_support.cpp.o[0m
[4.130s] [ 49%] [32mBuilding CXX object CMakeFiles/turtlesim_msgs__rosidl_typesupport_introspection_cpp.dir/rosidl_typesupport_introspection_cpp/turtlesim_msgs/msg/detail/pose__type_support.cpp.o[0m
[4.130s] [ 50%] [32mBuilding CXX object CMakeFiles/turtlesim_msgs__rosidl_typesupport_introspection_cpp.dir/rosidl_typesupport_introspection_cpp/turtlesim_msgs/action/detail/rotate_absolute__type_support.cpp.o[0m
[4.145s] [ 51%] [32mBuilding CXX object CMakeFiles/turtlesim_msgs__rosidl_typesupport_introspection_cpp.dir/rosidl_typesupport_introspection_cpp/turtlesim_msgs/srv/detail/kill__type_support.cpp.o[0m
[4.148s] [ 52%] [32mBuilding CXX object CMakeFiles/turtlesim_msgs__rosidl_typesupport_introspection_cpp.dir/rosidl_typesupport_introspection_cpp/turtlesim_msgs/srv/detail/set_pen__type_support.cpp.o[0m
[4.166s] [ 53%] [32mBuilding C object CMakeFiles/turtlesim_msgs__rosidl_typesupport_introspection_c.dir/rosidl_typesupport_introspection_c/turtlesim_msgs/msg/detail/color__type_support.c.o[0m
[4.216s] [ 54%] [32mBuilding C object CMakeFiles/turtlesim_msgs__rosidl_typesupport_introspection_c.dir/rosidl_typesupport_introspection_c/turtlesim_msgs/msg/detail/pose__type_support.c.o[0m
[4.263s] [ 55%] [32mBuilding C object CMakeFiles/turtlesim_msgs__rosidl_typesupport_introspection_c.dir/rosidl_typesupport_introspection_c/turtlesim_msgs/action/detail/rotate_absolute__type_support.c.o[0m
[4.320s] [ 56%] [32mBuilding C object CMakeFiles/turtlesim_msgs__rosidl_typesupport_introspection_c.dir/rosidl_typesupport_introspection_c/turtlesim_msgs/srv/detail/kill__type_support.c.o[0m
[4.320s] [ 57%] [32mBuilding CXX object CMakeFiles/turtlesim_msgs__rosidl_typesupport_introspection_cpp.dir/rosidl_typesupport_introspection_cpp/turtlesim_msgs/srv/detail/spawn__type_support.cpp.o[0m
[4.345s] [ 58%] [32mBuilding CXX object CMakeFiles/turtlesim_msgs__rosidl_typesupport_introspection_cpp.dir/rosidl_typesupport_introspection_cpp/turtlesim_msgs/srv/detail/teleport_absolute__type_support.cpp.o[0m
[4.381s] [ 59%] [32mBuilding C object CMakeFiles/turtlesim_msgs__rosidl_typesupport_introspection_c.dir/rosidl_typesupport_introspection_c/turtlesim_msgs/srv/detail/set_pen__type_support.c.o[0m
[4.404s] [ 60%] [32mBuilding CXX object CMakeFiles/turtlesim_msgs__rosidl_typesupport_introspection_cpp.dir/rosidl_typesupport_introspection_cpp/turtlesim_msgs/srv/detail/teleport_relative__type_support.cpp.o[0m
[4.433s] [ 61%] [32mBuilding C object CMakeFiles/turtlesim_msgs__rosidl_typesupport_introspection_c.dir/rosidl_typesupport_introspection_c/turtlesim_msgs/srv/detail/spawn__type_support.c.o[0m
[4.445s] [ 62%] [32mBuilding C object CMakeFiles/turtlesim_msgs__rosidl_typesupport_introspection_c.dir/rosidl_typesupport_introspection_c/turtlesim_msgs/srv/detail/teleport_absolute__type_support.c.o[0m
[4.457s] [ 63%] [32mBuilding C object CMakeFiles/turtlesim_msgs__rosidl_typesupport_introspection_c.dir/rosidl_typesupport_introspection_c/turtlesim_msgs/srv/detail/teleport_relative__type_support.c.o[0m
[4.509s] [ 64%] [32m[1mLinking C shared library libturtlesim_msgs__rosidl_typesupport_introspection_c.so[0m
[4.518s] [ 69%] [32mBuilding CXX object CMakeFiles/turtlesim_msgs__rosidl_typesupport_fastrtps_cpp.dir/rosidl_typesupport_fastrtps_cpp/turtlesim_msgs/srv/detail/dds_fastrtps/kill__type_support.cpp.o[0m
[4.518s] [ 69%] [32mBuilding CXX object CMakeFiles/turtlesim_msgs__rosidl_typesupport_fastrtps_cpp.dir/rosidl_typesupport_fastrtps_cpp/turtlesim_msgs/action/detail/dds_fastrtps/rotate_absolute__type_support.cpp.o[0m
[4.518s] [ 69%] [32mBuilding CXX object CMakeFiles/turtlesim_msgs__rosidl_typesupport_fastrtps_cpp.dir/rosidl_typesupport_fastrtps_cpp/turtlesim_msgs/msg/detail/dds_fastrtps/color__type_support.cpp.o[0m
[4.518s] [ 69%] [32mBuilding CXX object CMakeFiles/turtlesim_msgs__rosidl_typesupport_fastrtps_cpp.dir/rosidl_typesupport_fastrtps_cpp/turtlesim_msgs/srv/detail/dds_fastrtps/spawn__type_support.cpp.o[0m
[4.519s] [ 69%] [32mBuilding CXX object CMakeFiles/turtlesim_msgs__rosidl_typesupport_fastrtps_cpp.dir/rosidl_typesupport_fastrtps_cpp/turtlesim_msgs/srv/detail/dds_fastrtps/set_pen__type_support.cpp.o[0m
[4.520s] [ 70%] [32mBuilding CXX object CMakeFiles/turtlesim_msgs__rosidl_typesupport_fastrtps_cpp.dir/rosidl_typesupport_fastrtps_cpp/turtlesim_msgs/msg/detail/dds_fastrtps/pose__type_support.cpp.o[0m
[4.560s] [ 71%] [32mBuilding CXX object CMakeFiles/turtlesim_msgs__rosidl_typesupport_fastrtps_cpp.dir/rosidl_typesupport_fastrtps_cpp/turtlesim_msgs/srv/detail/dds_fastrtps/teleport_absolute__type_support.cpp.o[0m
[4.560s] [ 71%] Built target turtlesim_msgs__rosidl_typesupport_introspection_c
[4.581s] [ 72%] [32mBuilding CXX object CMakeFiles/turtlesim_msgs__rosidl_typesupport_fastrtps_cpp.dir/rosidl_typesupport_fastrtps_cpp/turtlesim_msgs/srv/detail/dds_fastrtps/teleport_relative__type_support.cpp.o[0m
[4.665s] [ 75%] [32mBuilding CXX object CMakeFiles/turtlesim_msgs__rosidl_typesupport_fastrtps_c.dir/rosidl_typesupport_fastrtps_c/turtlesim_msgs/msg/detail/color__type_support_c.cpp.o[0m
[4.665s] [ 75%] [32mBuilding CXX object CMakeFiles/turtlesim_msgs__rosidl_typesupport_fastrtps_c.dir/rosidl_typesupport_fastrtps_c/turtlesim_msgs/msg/detail/pose__type_support_c.cpp.o[0m
[4.665s] [ 75%] [32mBuilding CXX object CMakeFiles/turtlesim_msgs__rosidl_typesupport_fastrtps_c.dir/rosidl_typesupport_fastrtps_c/turtlesim_msgs/action/detail/rotate_absolute__type_support_c.cpp.o[0m
[4.713s] [ 76%] [32m[1mLinking CXX shared library libturtlesim_msgs__rosidl_typesupport_cpp.so[0m
[4.828s] [ 77%] [32mBuilding CXX object CMakeFiles/turtlesim_msgs__rosidl_typesupport_fastrtps_c.dir/rosidl_typesupport_fastrtps_c/turtlesim_msgs/srv/detail/kill__type_support_c.cpp.o[0m
[4.845s] [ 78%] [32mBuilding CXX object CMakeFiles/turtlesim_msgs__rosidl_typesupport_fastrtps_c.dir/rosidl_typesupport_fastrtps_c/turtlesim_msgs/srv/detail/set_pen__type_support_c.cpp.o[0m
[4.850s] [ 78%] Built target turtlesim_msgs__rosidl_typesupport_cpp
[4.858s] [ 79%] [32mBuilding CXX object CMakeFiles/turtlesim_msgs__rosidl_typesupport_fastrtps_c.dir/rosidl_typesupport_fastrtps_c/turtlesim_msgs/srv/detail/spawn__type_support_c.cpp.o[0m
[4.893s] [ 80%] [32mBuilding CXX object CMakeFiles/turtlesim_msgs__rosidl_typesupport_fastrtps_c.dir/rosidl_typesupport_fastrtps_c/turtlesim_msgs/srv/detail/teleport_absolute__type_support_c.cpp.o[0m
[5.014s] [ 81%] [32m[1mLinking CXX shared library libturtlesim_msgs__rosidl_typesupport_introspection_cpp.so[0m
[5.109s] [ 82%] [32mBuilding CXX object CMakeFiles/turtlesim_msgs__rosidl_typesupport_fastrtps_c.dir/rosidl_typesupport_fastrtps_c/turtlesim_msgs/srv/detail/teleport_relative__type_support_c.cpp.o[0m
[5.143s] [ 82%] Built target turtlesim_msgs__rosidl_typesupport_introspection_cpp
[5.488s] [ 83%] [32m[1mLinking CXX shared library libturtlesim_msgs__rosidl_typesupport_fastrtps_cpp.so[0m
[5.499s] [ 84%] [32m[1mLinking CXX shared library libturtlesim_msgs__rosidl_typesupport_fastrtps_c.so[0m
[5.558s] [ 84%] Built target turtlesim_msgs__rosidl_typesupport_fastrtps_cpp
[5.559s] [ 84%] Built target turtlesim_msgs__rosidl_typesupport_fastrtps_c
[5.574s] [ 84%] Built target turtlesim_msgs
[5.593s] [ 85%] [34m[1mGenerating Python code for ROS interfaces[0m
[6.496s] [ 85%] Built target turtlesim_msgs__py
[6.517s] [ 93%] [32mBuilding C object CMakeFiles/turtlesim_msgs__rosidl_generator_py.dir/rosidl_generator_py/turtlesim_msgs/srv/_kill_s.c.o[0m
[6.517s] [ 93%] [32mBuilding C object CMakeFiles/turtlesim_msgs__rosidl_generator_py.dir/rosidl_generator_py/turtlesim_msgs/action/_rotate_absolute_s.c.o[0m
[6.517s] [ 93%] [32mBuilding C object CMakeFiles/turtlesim_msgs__rosidl_generator_py.dir/rosidl_generator_py/turtlesim_msgs/msg/_color_s.c.o[0m
[6.517s] [ 93%] [32mBuilding C object CMakeFiles/turtlesim_msgs__rosidl_generator_py.dir/rosidl_generator_py/turtlesim_msgs/msg/_pose_s.c.o[0m
[6.517s] [ 93%] [32mBuilding C object CMakeFiles/turtlesim_msgs__rosidl_generator_py.dir/rosidl_generator_py/turtlesim_msgs/srv/_spawn_s.c.o[0m
[6.517s] [ 93%] [32mBuilding C object CMakeFiles/turtlesim_msgs__rosidl_generator_py.dir/rosidl_generator_py/turtlesim_msgs/srv/_set_pen_s.c.o[0m
[6.517s] [ 93%] [32mBuilding C object CMakeFiles/turtlesim_msgs__rosidl_generator_py.dir/rosidl_generator_py/turtlesim_msgs/srv/_teleport_absolute_s.c.o[0m
[6.517s] [ 93%] [32mBuilding C object CMakeFiles/turtlesim_msgs__rosidl_generator_py.dir/rosidl_generator_py/turtlesim_msgs/srv/_teleport_relative_s.c.o[0m
[6.659s] [ 94%] [32m[1mLinking C shared library libturtlesim_msgs__rosidl_generator_py.so[0m
[6.697s] [ 94%] Built target turtlesim_msgs__rosidl_generator_py
[6.714s] [ 97%] [32mBuilding C object CMakeFiles/turtlesim_msgs_s__rosidl_typesupport_fastrtps_c.dir/rosidl_generator_py/turtlesim_msgs/_turtlesim_msgs_s.ep.rosidl_typesupport_fastrtps_c.c.o[0m
[6.714s] [ 97%] [32mBuilding C object CMakeFiles/turtlesim_msgs_s__rosidl_typesupport_c.dir/rosidl_generator_py/turtlesim_msgs/_turtlesim_msgs_s.ep.rosidl_typesupport_c.c.o[0m
[6.714s] [ 97%] [32mBuilding C object CMakeFiles/turtlesim_msgs_s__rosidl_typesupport_introspection_c.dir/rosidl_generator_py/turtlesim_msgs/_turtlesim_msgs_s.ep.rosidl_typesupport_introspection_c.c.o[0m
[6.842s] [ 99%] [32m[1mLinking C shared module rosidl_generator_py/turtlesim_msgs/turtlesim_msgs_s__rosidl_typesupport_introspection_c.so[0m
[6.842s] [ 99%] [32m[1mLinking C shared module rosidl_generator_py/turtlesim_msgs/turtlesim_msgs_s__rosidl_typesupport_c.so[0m
[6.847s] [100%] [32m[1mLinking C shared module rosidl_generator_py/turtlesim_msgs/turtlesim_msgs_s__rosidl_typesupport_fastrtps_c.so[0m
[6.866s] [100%] Built target turtlesim_msgs_s__rosidl_typesupport_c
[6.866s] [100%] Built target turtlesim_msgs_s__rosidl_typesupport_introspection_c
[6.878s] [100%] Built target turtlesim_msgs_s__rosidl_typesupport_fastrtps_c
[6.889s] Invoked command in '/home/acp/programming/rosdock/src/build/turtlesim_msgs' returned '0': CMAKE_PREFIX_PATH=${CMAKE_PREFIX_PATH}:/opt/ros/rolling DEBUGINFOD_URLS=https://debuginfod.ubuntu.com /usr/bin/cmake --build /home/acp/programming/rosdock/src/build/turtlesim_msgs -- -j16 -l16
[7.161s] Invoking command in '/home/acp/programming/rosdock/src/build/turtlesim_msgs': CMAKE_PREFIX_PATH=${CMAKE_PREFIX_PATH}:/opt/ros/rolling DEBUGINFOD_URLS=https://debuginfod.ubuntu.com /usr/bin/cmake --install /home/acp/programming/rosdock/src/build/turtlesim_msgs
[7.170s] -- Install configuration: ""
[7.170s] -- Installing: /home/acp/programming/rosdock/src/install/turtlesim_msgs/share/ament_index/resource_index/rosidl_interfaces/turtlesim_msgs
[7.170s] -- Installing: /home/acp/programming/rosdock/src/install/turtlesim_msgs/share/turtlesim_msgs/msg/Color.json
[7.170s] -- Installing: /home/acp/programming/rosdock/src/install/turtlesim_msgs/share/turtlesim_msgs/msg/Pose.json
[7.170s] -- Installing: /home/acp/programming/rosdock/src/install/turtlesim_msgs/share/turtlesim_msgs/action/RotateAbsolute.json
[7.170s] -- Installing: /home/acp/programming/rosdock/src/install/turtlesim_msgs/share/turtlesim_msgs/srv/Kill.json
[7.170s] -- Installing: /home/acp/programming/rosdock/src/install/turtlesim_msgs/share/turtlesim_msgs/srv/SetPen.json
[7.170s] -- Installing: /home/acp/programming/rosdock/src/install/turtlesim_msgs/share/turtlesim_msgs/srv/Spawn.json
[7.171s] -- Installing: /home/acp/programming/rosdock/src/install/turtlesim_msgs/share/turtlesim_msgs/srv/TeleportAbsolute.json
[7.171s] -- Installing: /home/acp/programming/rosdock/src/install/turtlesim_msgs/share/turtlesim_msgs/srv/TeleportRelative.json
[7.171s] -- Installing: /home/acp/programming/rosdock/src/install/turtlesim_msgs/include/turtlesim_msgs/turtlesim_msgs
[7.171s] -- Installing: /home/acp/programming/rosdock/src/install/turtlesim_msgs/include/turtlesim_msgs/turtlesim_msgs/action
[7.171s] -- Installing: /home/acp/programming/rosdock/src/install/turtlesim_msgs/include/turtlesim_msgs/turtlesim_msgs/action/detail
[7.171s] -- Installing: /home/acp/programming/rosdock/src/install/turtlesim_msgs/include/turtlesim_msgs/turtlesim_msgs/action/detail/rotate_absolute__description.c
[7.171s] -- Installing: /home/acp/programming/rosdock/src/install/turtlesim_msgs/include/turtlesim_msgs/turtlesim_msgs/action/detail/rotate_absolute__functions.c
[7.171s] -- Installing: /home/acp/programming/rosdock/src/install/turtlesim_msgs/include/turtlesim_msgs/turtlesim_msgs/action/detail/rotate_absolute__type_support.c
[7.171s] -- Installing: /home/acp/programming/rosdock/src/install/turtlesim_msgs/include/turtlesim_msgs/turtlesim_msgs/action/detail/rotate_absolute__functions.h
[7.172s] -- Installing: /home/acp/programming/rosdock/src/install/turtlesim_msgs/include/turtlesim_msgs/turtlesim_msgs/action/detail/rotate_absolute__type_support.h
[7.172s] -- Installing: /home/acp/programming/rosdock/src/install/turtlesim_msgs/include/turtlesim_msgs/turtlesim_msgs/action/detail/rotate_absolute__struct.h
[7.172s] -- Installing: /home/acp/programming/rosdock/src/install/turtlesim_msgs/include/turtlesim_msgs/turtlesim_msgs/action/rotate_absolute.h
[7.172s] -- Installing: /home/acp/programming/rosdock/src/install/turtlesim_msgs/include/turtlesim_msgs/turtlesim_msgs/msg
[7.172s] -- Installing: /home/acp/programming/rosdock/src/install/turtlesim_msgs/include/turtlesim_msgs/turtlesim_msgs/msg/rosidl_generator_c__visibility_control.h
[7.172s] -- Installing: /home/acp/programming/rosdock/src/install/turtlesim_msgs/include/turtlesim_msgs/turtlesim_msgs/msg/detail
[7.172s] -- Installing: /home/acp/programming/rosdock/src/install/turtlesim_msgs/include/turtlesim_msgs/turtlesim_msgs/msg/detail/color__functions.c
[7.172s] -- Installing: /home/acp/programming/rosdock/src/install/turtlesim_msgs/include/turtlesim_msgs/turtlesim_msgs/msg/detail/color__description.c
[7.172s] -- Installing: /home/acp/programming/rosdock/src/install/turtlesim_msgs/include/turtlesim_msgs/turtlesim_msgs/msg/detail/color__type_support.h
[7.172s] -- Installing: /home/acp/programming/rosdock/src/install/turtlesim_msgs/include/turtlesim_msgs/turtlesim_msgs/msg/detail/color__functions.h
[7.172s] -- Installing: /home/acp/programming/rosdock/src/install/turtlesim_msgs/include/turtlesim_msgs/turtlesim_msgs/msg/detail/color__type_support.c
[7.172s] -- Installing: /home/acp/programming/rosdock/src/install/turtlesim_msgs/include/turtlesim_msgs/turtlesim_msgs/msg/detail/pose__description.c
[7.172s] -- Installing: /home/acp/programming/rosdock/src/install/turtlesim_msgs/include/turtlesim_msgs/turtlesim_msgs/msg/detail/pose__struct.h
[7.173s] -- Installing: /home/acp/programming/rosdock/src/install/turtlesim_msgs/include/turtlesim_msgs/turtlesim_msgs/msg/detail/pose__functions.h
[7.173s] -- Installing: /home/acp/programming/rosdock/src/install/turtlesim_msgs/include/turtlesim_msgs/turtlesim_msgs/msg/detail/pose__type_support.h
[7.173s] -- Installing: /home/acp/programming/rosdock/src/install/turtlesim_msgs/include/turtlesim_msgs/turtlesim_msgs/msg/detail/pose__type_support.c
[7.173s] -- Installing: /home/acp/programming/rosdock/src/install/turtlesim_msgs/include/turtlesim_msgs/turtlesim_msgs/msg/detail/color__struct.h
[7.173s] -- Installing: /home/acp/programming/rosdock/src/install/turtlesim_msgs/include/turtlesim_msgs/turtlesim_msgs/msg/detail/pose__functions.c
[7.173s] -- Installing: /home/acp/programming/rosdock/src/install/turtlesim_msgs/include/turtlesim_msgs/turtlesim_msgs/msg/color.h
[7.173s] -- Installing: /home/acp/programming/rosdock/src/install/turtlesim_msgs/include/turtlesim_msgs/turtlesim_msgs/msg/pose.h
[7.173s] -- Installing: /home/acp/programming/rosdock/src/install/turtlesim_msgs/include/turtlesim_msgs/turtlesim_msgs/srv
[7.173s] -- Installing: /home/acp/programming/rosdock/src/install/turtlesim_msgs/include/turtlesim_msgs/turtlesim_msgs/srv/teleport_absolute.h
[7.173s] -- Installing: /home/acp/programming/rosdock/src/install/turtlesim_msgs/include/turtlesim_msgs/turtlesim_msgs/srv/set_pen.h
[7.173s] -- Installing: /home/acp/programming/rosdock/src/install/turtlesim_msgs/include/turtlesim_msgs/turtlesim_msgs/srv/spawn.h
[7.173s] -- Installing: /home/acp/programming/rosdock/src/install/turtlesim_msgs/include/turtlesim_msgs/turtlesim_msgs/srv/detail
[7.174s] -- Installing: /home/acp/programming/rosdock/src/install/turtlesim_msgs/include/turtlesim_msgs/turtlesim_msgs/srv/detail/spawn__type_support.c
[7.174s] -- Installing: /home/acp/programming/rosdock/src/install/turtlesim_msgs/include/turtlesim_msgs/turtlesim_msgs/srv/detail/set_pen__type_support.c
[7.174s] -- Installing: /home/acp/programming/rosdock/src/install/turtlesim_msgs/include/turtlesim_msgs/turtlesim_msgs/srv/detail/kill__description.c
[7.174s] -- Installing: /home/acp/programming/rosdock/src/install/turtlesim_msgs/include/turtlesim_msgs/turtlesim_msgs/srv/detail/kill__functions.h
[7.174s] -- Installing: /home/acp/programming/rosdock/src/install/turtlesim_msgs/include/turtlesim_msgs/turtlesim_msgs/srv/detail/kill__struct.h
[7.174s] -- Installing: /home/acp/programming/rosdock/src/install/turtlesim_msgs/include/turtlesim_msgs/turtlesim_msgs/srv/detail/set_pen__struct.h
[7.174s] -- Installing: /home/acp/programming/rosdock/src/install/turtlesim_msgs/include/turtlesim_msgs/turtlesim_msgs/srv/detail/kill__functions.c
[7.174s] -- Installing: /home/acp/programming/rosdock/src/install/turtlesim_msgs/include/turtlesim_msgs/turtlesim_msgs/srv/detail/teleport_absolute__struct.h
[7.174s] -- Installing: /home/acp/programming/rosdock/src/install/turtlesim_msgs/include/turtlesim_msgs/turtlesim_msgs/srv/detail/teleport_relative__description.c
[7.174s] -- Installing: /home/acp/programming/rosdock/src/install/turtlesim_msgs/include/turtlesim_msgs/turtlesim_msgs/srv/detail/kill__type_support.c
[7.175s] -- Installing: /home/acp/programming/rosdock/src/install/turtlesim_msgs/include/turtlesim_msgs/turtlesim_msgs/srv/detail/teleport_absolute__type_support.c
[7.175s] -- Installing: /home/acp/programming/rosdock/src/install/turtlesim_msgs/include/turtlesim_msgs/turtlesim_msgs/srv/detail/set_pen__description.c
[7.175s] -- Installing: /home/acp/programming/rosdock/src/install/turtlesim_msgs/include/turtlesim_msgs/turtlesim_msgs/srv/detail/teleport_relative__struct.h
[7.175s] -- Installing: /home/acp/programming/rosdock/src/install/turtlesim_msgs/include/turtlesim_msgs/turtlesim_msgs/srv/detail/teleport_relative__type_support.h
[7.175s] -- Installing: /home/acp/programming/rosdock/src/install/turtlesim_msgs/include/turtlesim_msgs/turtlesim_msgs/srv/detail/teleport_relative__functions.c
[7.175s] -- Installing: /home/acp/programming/rosdock/src/install/turtlesim_msgs/include/turtlesim_msgs/turtlesim_msgs/srv/detail/set_pen__functions.c
[7.175s] -- Installing: /home/acp/programming/rosdock/src/install/turtlesim_msgs/include/turtlesim_msgs/turtlesim_msgs/srv/detail/teleport_relative__type_support.c
[7.175s] -- Installing: /home/acp/programming/rosdock/src/install/turtlesim_msgs/include/turtlesim_msgs/turtlesim_msgs/srv/detail/teleport_relative__functions.h
[7.175s] -- Installing: /home/acp/programming/rosdock/src/install/turtlesim_msgs/include/turtlesim_msgs/turtlesim_msgs/srv/detail/teleport_absolute__functions.h
[7.175s] -- Installing: /home/acp/programming/rosdock/src/install/turtlesim_msgs/include/turtlesim_msgs/turtlesim_msgs/srv/detail/spawn__type_support.h
[7.175s] -- Installing: /home/acp/programming/rosdock/src/install/turtlesim_msgs/include/turtlesim_msgs/turtlesim_msgs/srv/detail/spawn__functions.h
[7.176s] -- Installing: /home/acp/programming/rosdock/src/install/turtlesim_msgs/include/turtlesim_msgs/turtlesim_msgs/srv/detail/teleport_absolute__type_support.h
[7.176s] -- Installing: /home/acp/programming/rosdock/src/install/turtlesim_msgs/include/turtlesim_msgs/turtlesim_msgs/srv/detail/set_pen__functions.h
[7.176s] -- Installing: /home/acp/programming/rosdock/src/install/turtlesim_msgs/include/turtlesim_msgs/turtlesim_msgs/srv/detail/spawn__functions.c
[7.176s] -- Installing: /home/acp/programming/rosdock/src/install/turtlesim_msgs/include/turtlesim_msgs/turtlesim_msgs/srv/detail/teleport_absolute__functions.c
[7.176s] -- Installing: /home/acp/programming/rosdock/src/install/turtlesim_msgs/include/turtlesim_msgs/turtlesim_msgs/srv/detail/kill__type_support.h
[7.176s] -- Installing: /home/acp/programming/rosdock/src/install/turtlesim_msgs/include/turtlesim_msgs/turtlesim_msgs/srv/detail/set_pen__type_support.h
[7.176s] -- Installing: /home/acp/programming/rosdock/src/install/turtlesim_msgs/include/turtlesim_msgs/turtlesim_msgs/srv/detail/spawn__struct.h
[7.176s] -- Installing: /home/acp/programming/rosdock/src/install/turtlesim_msgs/include/turtlesim_msgs/turtlesim_msgs/srv/detail/teleport_absolute__description.c
[7.176s] -- Installing: /home/acp/programming/rosdock/src/install/turtlesim_msgs/include/turtlesim_msgs/turtlesim_msgs/srv/detail/spawn__description.c
[7.177s] -- Installing: /home/acp/programming/rosdock/src/install/turtlesim_msgs/include/turtlesim_msgs/turtlesim_msgs/srv/teleport_relative.h
[7.177s] -- Installing: /home/acp/programming/rosdock/src/install/turtlesim_msgs/include/turtlesim_msgs/turtlesim_msgs/srv/kill.h
[7.177s] -- Installing: /home/acp/programming/rosdock/src/install/turtlesim_msgs/share/turtlesim_msgs/environment/library_path.sh
[7.177s] -- Installing: /home/acp/programming/rosdock/src/install/turtlesim_msgs/share/turtlesim_msgs/environment/library_path.dsv
[7.177s] -- Installing: /home/acp/programming/rosdock/src/install/turtlesim_msgs/lib/libturtlesim_msgs__rosidl_generator_c.so
[7.178s] -- Set non-toolchain portion of runtime path of "/home/acp/programming/rosdock/src/install/turtlesim_msgs/lib/libturtlesim_msgs__rosidl_generator_c.so" to ""
[7.178s] -- Up-to-date: /home/acp/programming/rosdock/src/install/turtlesim_msgs/include/turtlesim_msgs/turtlesim_msgs
[7.178s] -- Up-to-date: /home/acp/programming/rosdock/src/install/turtlesim_msgs/include/turtlesim_msgs/turtlesim_msgs/action
[7.178s] -- Up-to-date: /home/acp/programming/rosdock/src/install/turtlesim_msgs/include/turtlesim_msgs/turtlesim_msgs/action/detail
[7.178s] -- Installing: /home/acp/programming/rosdock/src/install/turtlesim_msgs/include/turtlesim_msgs/turtlesim_msgs/action/detail/rotate_absolute__rosidl_typesupport_fastrtps_c.h
[7.178s] -- Up-to-date: /home/acp/programming/rosdock/src/install/turtlesim_msgs/include/turtlesim_msgs/turtlesim_msgs/msg
[7.178s] -- Up-to-date: /home/acp/programming/rosdock/src/install/turtlesim_msgs/include/turtlesim_msgs/turtlesim_msgs/msg/detail
[7.178s] -- Installing: /home/acp/programming/rosdock/src/install/turtlesim_msgs/include/turtlesim_msgs/turtlesim_msgs/msg/detail/color__rosidl_typesupport_fastrtps_c.h
[7.178s] -- Installing: /home/acp/programming/rosdock/src/install/turtlesim_msgs/include/turtlesim_msgs/turtlesim_msgs/msg/detail/pose__rosidl_typesupport_fastrtps_c.h
[7.178s] -- Installing: /home/acp/programming/rosdock/src/install/turtlesim_msgs/include/turtlesim_msgs/turtlesim_msgs/msg/rosidl_typesupport_fastrtps_c__visibility_control.h
[7.178s] -- Up-to-date: /home/acp/programming/rosdock/src/install/turtlesim_msgs/include/turtlesim_msgs/turtlesim_msgs/srv
[7.178s] -- Up-to-date: /home/acp/programming/rosdock/src/install/turtlesim_msgs/include/turtlesim_msgs/turtlesim_msgs/srv/detail
[7.178s] -- Installing: /home/acp/programming/rosdock/src/install/turtlesim_msgs/include/turtlesim_msgs/turtlesim_msgs/srv/detail/spawn__rosidl_typesupport_fastrtps_c.h
[7.178s] -- Installing: /home/acp/programming/rosdock/src/install/turtlesim_msgs/include/turtlesim_msgs/turtlesim_msgs/srv/detail/set_pen__rosidl_typesupport_fastrtps_c.h
[7.179s] -- Installing: /home/acp/programming/rosdock/src/install/turtlesim_msgs/include/turtlesim_msgs/turtlesim_msgs/srv/detail/teleport_relative__rosidl_typesupport_fastrtps_c.h
[7.179s] -- Installing: /home/acp/programming/rosdock/src/install/turtlesim_msgs/include/turtlesim_msgs/turtlesim_msgs/srv/detail/kill__rosidl_typesupport_fastrtps_c.h
[7.179s] -- Installing: /home/acp/programming/rosdock/src/install/turtlesim_msgs/include/turtlesim_msgs/turtlesim_msgs/srv/detail/teleport_absolute__rosidl_typesupport_fastrtps_c.h
[7.179s] -- Installing: /home/acp/programming/rosdock/src/install/turtlesim_msgs/lib/libturtlesim_msgs__rosidl_typesupport_fastrtps_c.so
[7.179s] -- Set non-toolchain portion of runtime path of "/home/acp/programming/rosdock/src/install/turtlesim_msgs/lib/libturtlesim_msgs__rosidl_typesupport_fastrtps_c.so" to ""
[7.179s] -- Up-to-date: /home/acp/programming/rosdock/src/install/turtlesim_msgs/include/turtlesim_msgs/turtlesim_msgs
[7.179s] -- Up-to-date: /home/acp/programming/rosdock/src/install/turtlesim_msgs/include/turtlesim_msgs/turtlesim_msgs/action
[7.179s] -- Up-to-date: /home/acp/programming/rosdock/src/install/turtlesim_msgs/include/turtlesim_msgs/turtlesim_msgs/action/detail
[7.179s] -- Installing: /home/acp/programming/rosdock/src/install/turtlesim_msgs/include/turtlesim_msgs/turtlesim_msgs/action/detail/rotate_absolute__builder.hpp
[7.180s] -- Installing: /home/acp/programming/rosdock/src/install/turtlesim_msgs/include/turtlesim_msgs/turtlesim_msgs/action/detail/rotate_absolute__type_support.hpp
[7.180s] -- Installing: /home/acp/programming/rosdock/src/install/turtlesim_msgs/include/turtlesim_msgs/turtlesim_msgs/action/detail/rotate_absolute__traits.hpp
[7.180s] -- Installing: /home/acp/programming/rosdock/src/install/turtlesim_msgs/include/turtlesim_msgs/turtlesim_msgs/action/detail/rotate_absolute__struct.hpp
[7.180s] -- Installing: /home/acp/programming/rosdock/src/install/turtlesim_msgs/include/turtlesim_msgs/turtlesim_msgs/action/rotate_absolute.hpp
[7.180s] -- Up-to-date: /home/acp/programming/rosdock/src/install/turtlesim_msgs/include/turtlesim_msgs/turtlesim_msgs/msg
[7.180s] -- Installing: /home/acp/programming/rosdock/src/install/turtlesim_msgs/include/turtlesim_msgs/turtlesim_msgs/msg/rosidl_generator_cpp__visibility_control.hpp
[7.180s] -- Up-to-date: /home/acp/programming/rosdock/src/install/turtlesim_msgs/include/turtlesim_msgs/turtlesim_msgs/msg/detail
[7.180s] -- Installing: /home/acp/programming/rosdock/src/install/turtlesim_msgs/include/turtlesim_msgs/turtlesim_msgs/msg/detail/pose__traits.hpp
[7.180s] -- Installing: /home/acp/programming/rosdock/src/install/turtlesim_msgs/include/turtlesim_msgs/turtlesim_msgs/msg/detail/pose__struct.hpp
[7.180s] -- Installing: /home/acp/programming/rosdock/src/install/turtlesim_msgs/include/turtlesim_msgs/turtlesim_msgs/msg/detail/pose__type_support.hpp
[7.180s] -- Installing: /home/acp/programming/rosdock/src/install/turtlesim_msgs/include/turtlesim_msgs/turtlesim_msgs/msg/detail/color__type_support.hpp
[7.180s] -- Installing: /home/acp/programming/rosdock/src/install/turtlesim_msgs/include/turtlesim_msgs/turtlesim_msgs/msg/detail/pose__builder.hpp
[7.180s] -- Installing: /home/acp/programming/rosdock/src/install/turtlesim_msgs/include/turtlesim_msgs/turtlesim_msgs/msg/detail/color__traits.hpp
[7.181s] -- Installing: /home/acp/programming/rosdock/src/install/turtlesim_msgs/include/turtlesim_msgs/turtlesim_msgs/msg/detail/color__struct.hpp
[7.181s] -- Installing: /home/acp/programming/rosdock/src/install/turtlesim_msgs/include/turtlesim_msgs/turtlesim_msgs/msg/detail/color__builder.hpp
[7.181s] -- Installing: /home/acp/programming/rosdock/src/install/turtlesim_msgs/include/turtlesim_msgs/turtlesim_msgs/msg/color.hpp
[7.181s] -- Installing: /home/acp/programming/rosdock/src/install/turtlesim_msgs/include/turtlesim_msgs/turtlesim_msgs/msg/pose.hpp
[7.181s] -- Up-to-date: /home/acp/programming/rosdock/src/install/turtlesim_msgs/include/turtlesim_msgs/turtlesim_msgs/srv
[7.181s] -- Installing: /home/acp/programming/rosdock/src/install/turtlesim_msgs/include/turtlesim_msgs/turtlesim_msgs/srv/kill.hpp
[7.181s] -- Up-to-date: /home/acp/programming/rosdock/src/install/turtlesim_msgs/include/turtlesim_msgs/turtlesim_msgs/srv/detail
[7.181s] -- Installing: /home/acp/programming/rosdock/src/install/turtlesim_msgs/include/turtlesim_msgs/turtlesim_msgs/srv/detail/kill__builder.hpp
[7.181s] -- Installing: /home/acp/programming/rosdock/src/install/turtlesim_msgs/include/turtlesim_msgs/turtlesim_msgs/srv/detail/spawn__traits.hpp
[7.181s] -- Installing: /home/acp/programming/rosdock/src/install/turtlesim_msgs/include/turtlesim_msgs/turtlesim_msgs/srv/detail/set_pen__traits.hpp
[7.181s] -- Installing: /home/acp/programming/rosdock/src/install/turtlesim_msgs/include/turtlesim_msgs/turtlesim_msgs/srv/detail/teleport_absolute__builder.hpp
[7.181s] -- Installing: /home/acp/programming/rosdock/src/install/turtlesim_msgs/include/turtlesim_msgs/turtlesim_msgs/srv/detail/teleport_absolute__type_support.hpp
[7.182s] -- Installing: /home/acp/programming/rosdock/src/install/turtlesim_msgs/include/turtlesim_msgs/turtlesim_msgs/srv/detail/teleport_absolute__traits.hpp
[7.182s] -- Installing: /home/acp/programming/rosdock/src/install/turtlesim_msgs/include/turtlesim_msgs/turtlesim_msgs/srv/detail/set_pen__struct.hpp
[7.182s] -- Installing: /home/acp/programming/rosdock/src/install/turtlesim_msgs/include/turtlesim_msgs/turtlesim_msgs/srv/detail/spawn__struct.hpp
[7.182s] -- Installing: /home/acp/programming/rosdock/src/install/turtlesim_msgs/include/turtlesim_msgs/turtlesim_msgs/srv/detail/kill__type_support.hpp
[7.182s] -- Installing: /home/acp/programming/rosdock/src/install/turtlesim_msgs/include/turtlesim_msgs/turtlesim_msgs/srv/detail/kill__struct.hpp
[7.182s] -- Installing: /home/acp/programming/rosdock/src/install/turtlesim_msgs/include/turtlesim_msgs/turtlesim_msgs/srv/detail/teleport_relative__builder.hpp
[7.182s] -- Installing: /home/acp/programming/rosdock/src/install/turtlesim_msgs/include/turtlesim_msgs/turtlesim_msgs/srv/detail/set_pen__type_support.hpp
[7.182s] -- Installing: /home/acp/programming/rosdock/src/install/turtlesim_msgs/include/turtlesim_msgs/turtlesim_msgs/srv/detail/teleport_relative__type_support.hpp
[7.182s] -- Installing: /home/acp/programming/rosdock/src/install/turtlesim_msgs/include/turtlesim_msgs/turtlesim_msgs/srv/detail/spawn__builder.hpp
[7.182s] -- Installing: /home/acp/programming/rosdock/src/install/turtlesim_msgs/include/turtlesim_msgs/turtlesim_msgs/srv/detail/kill__traits.hpp
[7.182s] -- Installing: /home/acp/programming/rosdock/src/install/turtlesim_msgs/include/turtlesim_msgs/turtlesim_msgs/srv/detail/teleport_absolute__struct.hpp
[7.183s] -- Installing: /home/acp/programming/rosdock/src/install/turtlesim_msgs/include/turtlesim_msgs/turtlesim_msgs/srv/detail/spawn__type_support.hpp
[7.183s] -- Installing: /home/acp/programming/rosdock/src/install/turtlesim_msgs/include/turtlesim_msgs/turtlesim_msgs/srv/detail/set_pen__builder.hpp
[7.183s] -- Installing: /home/acp/programming/rosdock/src/install/turtlesim_msgs/include/turtlesim_msgs/turtlesim_msgs/srv/detail/teleport_relative__traits.hpp
[7.183s] -- Installing: /home/acp/programming/rosdock/src/install/turtlesim_msgs/include/turtlesim_msgs/turtlesim_msgs/srv/detail/teleport_relative__struct.hpp
[7.183s] -- Installing: /home/acp/programming/rosdock/src/install/turtlesim_msgs/include/turtlesim_msgs/turtlesim_msgs/srv/teleport_absolute.hpp
[7.183s] -- Installing: /home/acp/programming/rosdock/src/install/turtlesim_msgs/include/turtlesim_msgs/turtlesim_msgs/srv/teleport_relative.hpp
[7.183s] -- Installing: /home/acp/programming/rosdock/src/install/turtlesim_msgs/include/turtlesim_msgs/turtlesim_msgs/srv/spawn.hpp
[7.183s] -- Installing: /home/acp/programming/rosdock/src/install/turtlesim_msgs/include/turtlesim_msgs/turtlesim_msgs/srv/set_pen.hpp
[7.183s] -- Up-to-date: /home/acp/programming/rosdock/src/install/turtlesim_msgs/include/turtlesim_msgs/turtlesim_msgs
[7.183s] -- Up-to-date: /home/acp/programming/rosdock/src/install/turtlesim_msgs/include/turtlesim_msgs/turtlesim_msgs/action
[7.183s] -- Up-to-date: /home/acp/programming/rosdock/src/install/turtlesim_msgs/include/turtlesim_msgs/turtlesim_msgs/action/detail
[7.183s] -- Installing: /home/acp/programming/rosdock/src/install/turtlesim_msgs/include/turtlesim_msgs/turtlesim_msgs/action/detail/rotate_absolute__rosidl_typesupport_fastrtps_cpp.hpp
[7.184s] -- Installing: /home/acp/programming/rosdock/src/install/turtlesim_msgs/include/turtlesim_msgs/turtlesim_msgs/action/detail/dds_fastrtps
[7.184s] -- Up-to-date: /home/acp/programming/rosdock/src/install/turtlesim_msgs/include/turtlesim_msgs/turtlesim_msgs/msg
[7.184s] -- Up-to-date: /home/acp/programming/rosdock/src/install/turtlesim_msgs/include/turtlesim_msgs/turtlesim_msgs/msg/detail
[7.184s] -- Installing: /home/acp/programming/rosdock/src/install/turtlesim_msgs/include/turtlesim_msgs/turtlesim_msgs/msg/detail/color__rosidl_typesupport_fastrtps_cpp.hpp
[7.184s] -- Installing: /home/acp/programming/rosdock/src/install/turtlesim_msgs/include/turtlesim_msgs/turtlesim_msgs/msg/detail/pose__rosidl_typesupport_fastrtps_cpp.hpp
[7.184s] -- Installing: /home/acp/programming/rosdock/src/install/turtlesim_msgs/include/turtlesim_msgs/turtlesim_msgs/msg/detail/dds_fastrtps
[7.184s] -- Installing: /home/acp/programming/rosdock/src/install/turtlesim_msgs/include/turtlesim_msgs/turtlesim_msgs/msg/rosidl_typesupport_fastrtps_cpp__visibility_control.h
[7.184s] -- Up-to-date: /home/acp/programming/rosdock/src/install/turtlesim_msgs/include/turtlesim_msgs/turtlesim_msgs/srv
[7.184s] -- Up-to-date: /home/acp/programming/rosdock/src/install/turtlesim_msgs/include/turtlesim_msgs/turtlesim_msgs/srv/detail
[7.184s] -- Installing: /home/acp/programming/rosdock/src/install/turtlesim_msgs/include/turtlesim_msgs/turtlesim_msgs/srv/detail/teleport_relative__rosidl_typesupport_fastrtps_cpp.hpp
[7.184s] -- Installing: /home/acp/programming/rosdock/src/install/turtlesim_msgs/include/turtlesim_msgs/turtlesim_msgs/srv/detail/set_pen__rosidl_typesupport_fastrtps_cpp.hpp
[7.184s] -- Installing: /home/acp/programming/rosdock/src/install/turtlesim_msgs/include/turtlesim_msgs/turtlesim_msgs/srv/detail/spawn__rosidl_typesupport_fastrtps_cpp.hpp
[7.184s] -- Installing: /home/acp/programming/rosdock/src/install/turtlesim_msgs/include/turtlesim_msgs/turtlesim_msgs/srv/detail/dds_fastrtps
[7.184s] -- Installing: /home/acp/programming/rosdock/src/install/turtlesim_msgs/include/turtlesim_msgs/turtlesim_msgs/srv/detail/teleport_absolute__rosidl_typesupport_fastrtps_cpp.hpp
[7.184s] -- Installing: /home/acp/programming/rosdock/src/install/turtlesim_msgs/include/turtlesim_msgs/turtlesim_msgs/srv/detail/kill__rosidl_typesupport_fastrtps_cpp.hpp
[7.185s] -- Installing: /home/acp/programming/rosdock/src/install/turtlesim_msgs/lib/libturtlesim_msgs__rosidl_typesupport_fastrtps_cpp.so
[7.186s] -- Set non-toolchain portion of runtime path of "/home/acp/programming/rosdock/src/install/turtlesim_msgs/lib/libturtlesim_msgs__rosidl_typesupport_fastrtps_cpp.so" to ""
[7.186s] -- Up-to-date: /home/acp/programming/rosdock/src/install/turtlesim_msgs/include/turtlesim_msgs/turtlesim_msgs
[7.186s] -- Up-to-date: /home/acp/programming/rosdock/src/install/turtlesim_msgs/include/turtlesim_msgs/turtlesim_msgs/action
[7.186s] -- Up-to-date: /home/acp/programming/rosdock/src/install/turtlesim_msgs/include/turtlesim_msgs/turtlesim_msgs/action/detail
[7.186s] -- Installing: /home/acp/programming/rosdock/src/install/turtlesim_msgs/include/turtlesim_msgs/turtlesim_msgs/action/detail/rotate_absolute__rosidl_typesupport_introspection_c.h
[7.186s] -- Installing: /home/acp/programming/rosdock/src/install/turtlesim_msgs/include/turtlesim_msgs/turtlesim_msgs/action/detail/rotate_absolute__type_support.c
[7.186s] -- Up-to-date: /home/acp/programming/rosdock/src/install/turtlesim_msgs/include/turtlesim_msgs/turtlesim_msgs/msg
[7.186s] -- Up-to-date: /home/acp/programming/rosdock/src/install/turtlesim_msgs/include/turtlesim_msgs/turtlesim_msgs/msg/detail
[7.186s] -- Installing: /home/acp/programming/rosdock/src/install/turtlesim_msgs/include/turtlesim_msgs/turtlesim_msgs/msg/detail/color__rosidl_typesupport_introspection_c.h
[7.186s] -- Installing: /home/acp/programming/rosdock/src/install/turtlesim_msgs/include/turtlesim_msgs/turtlesim_msgs/msg/detail/color__type_support.c
[7.186s] -- Installing: /home/acp/programming/rosdock/src/install/turtlesim_msgs/include/turtlesim_msgs/turtlesim_msgs/msg/detail/pose__rosidl_typesupport_introspection_c.h
[7.186s] -- Installing: /home/acp/programming/rosdock/src/install/turtlesim_msgs/include/turtlesim_msgs/turtlesim_msgs/msg/detail/pose__type_support.c
[7.186s] -- Installing: /home/acp/programming/rosdock/src/install/turtlesim_msgs/include/turtlesim_msgs/turtlesim_msgs/msg/rosidl_typesupport_introspection_c__visibility_control.h
[7.186s] -- Up-to-date: /home/acp/programming/rosdock/src/install/turtlesim_msgs/include/turtlesim_msgs/turtlesim_msgs/srv
[7.187s] -- Up-to-date: /home/acp/programming/rosdock/src/install/turtlesim_msgs/include/turtlesim_msgs/turtlesim_msgs/srv/detail
[7.187s] -- Installing: /home/acp/programming/rosdock/src/install/turtlesim_msgs/include/turtlesim_msgs/turtlesim_msgs/srv/detail/spawn__type_support.c
[7.187s] -- Installing: /home/acp/programming/rosdock/src/install/turtlesim_msgs/include/turtlesim_msgs/turtlesim_msgs/srv/detail/set_pen__type_support.c
[7.187s] -- Installing: /home/acp/programming/rosdock/src/install/turtlesim_msgs/include/turtlesim_msgs/turtlesim_msgs/srv/detail/set_pen__rosidl_typesupport_introspection_c.h
[7.187s] -- Installing: /home/acp/programming/rosdock/src/install/turtlesim_msgs/include/turtlesim_msgs/turtlesim_msgs/srv/detail/kill__rosidl_typesupport_introspection_c.h
[7.187s] -- Installing: /home/acp/programming/rosdock/src/install/turtlesim_msgs/include/turtlesim_msgs/turtlesim_msgs/srv/detail/teleport_absolute__rosidl_typesupport_introspection_c.h
[7.187s] -- Installing: /home/acp/programming/rosdock/src/install/turtlesim_msgs/include/turtlesim_msgs/turtlesim_msgs/srv/detail/kill__type_support.c
[7.187s] -- Installing: /home/acp/programming/rosdock/src/install/turtlesim_msgs/include/turtlesim_msgs/turtlesim_msgs/srv/detail/teleport_absolute__type_support.c
[7.187s] -- Installing: /home/acp/programming/rosdock/src/install/turtlesim_msgs/include/turtlesim_msgs/turtlesim_msgs/srv/detail/teleport_relative__rosidl_typesupport_introspection_c.h
[7.187s] -- Installing: /home/acp/programming/rosdock/src/install/turtlesim_msgs/include/turtlesim_msgs/turtlesim_msgs/srv/detail/teleport_relative__type_support.c
[7.188s] -- Installing: /home/acp/programming/rosdock/src/install/turtlesim_msgs/include/turtlesim_msgs/turtlesim_msgs/srv/detail/spawn__rosidl_typesupport_introspection_c.h
[7.188s] -- Installing: /home/acp/programming/rosdock/src/install/turtlesim_msgs/lib/libturtlesim_msgs__rosidl_typesupport_introspection_c.so
[7.188s] -- Set non-toolchain portion of runtime path of "/home/acp/programming/rosdock/src/install/turtlesim_msgs/lib/libturtlesim_msgs__rosidl_typesupport_introspection_c.so" to ""
[7.188s] -- Installing: /home/acp/programming/rosdock/src/install/turtlesim_msgs/lib/libturtlesim_msgs__rosidl_typesupport_c.so
[7.188s] -- Set non-toolchain portion of runtime path of "/home/acp/programming/rosdock/src/install/turtlesim_msgs/lib/libturtlesim_msgs__rosidl_typesupport_c.so" to ""
[7.189s] -- Up-to-date: /home/acp/programming/rosdock/src/install/turtlesim_msgs/include/turtlesim_msgs/turtlesim_msgs
[7.189s] -- Up-to-date: /home/acp/programming/rosdock/src/install/turtlesim_msgs/include/turtlesim_msgs/turtlesim_msgs/action
[7.189s] -- Up-to-date: /home/acp/programming/rosdock/src/install/turtlesim_msgs/include/turtlesim_msgs/turtlesim_msgs/action/detail
[7.189s] -- Installing: /home/acp/programming/rosdock/src/install/turtlesim_msgs/include/turtlesim_msgs/turtlesim_msgs/action/detail/rotate_absolute__type_support.cpp
[7.189s] -- Installing: /home/acp/programming/rosdock/src/install/turtlesim_msgs/include/turtlesim_msgs/turtlesim_msgs/action/detail/rotate_absolute__rosidl_typesupport_introspection_cpp.hpp
[7.189s] -- Up-to-date: /home/acp/programming/rosdock/src/install/turtlesim_msgs/include/turtlesim_msgs/turtlesim_msgs/msg
[7.189s] -- Up-to-date: /home/acp/programming/rosdock/src/install/turtlesim_msgs/include/turtlesim_msgs/turtlesim_msgs/msg/detail
[7.189s] -- Installing: /home/acp/programming/rosdock/src/install/turtlesim_msgs/include/turtlesim_msgs/turtlesim_msgs/msg/detail/color__type_support.cpp
[7.189s] -- Installing: /home/acp/programming/rosdock/src/install/turtlesim_msgs/include/turtlesim_msgs/turtlesim_msgs/msg/detail/pose__rosidl_typesupport_introspection_cpp.hpp
[7.189s] -- Installing: /home/acp/programming/rosdock/src/install/turtlesim_msgs/include/turtlesim_msgs/turtlesim_msgs/msg/detail/color__rosidl_typesupport_introspection_cpp.hpp
[7.189s] -- Installing: /home/acp/programming/rosdock/src/install/turtlesim_msgs/include/turtlesim_msgs/turtlesim_msgs/msg/detail/pose__type_support.cpp
[7.189s] -- Up-to-date: /home/acp/programming/rosdock/src/install/turtlesim_msgs/include/turtlesim_msgs/turtlesim_msgs/srv
[7.190s] -- Up-to-date: /home/acp/programming/rosdock/src/install/turtlesim_msgs/include/turtlesim_msgs/turtlesim_msgs/srv/detail
[7.190s] -- Installing: /home/acp/programming/rosdock/src/install/turtlesim_msgs/include/turtlesim_msgs/turtlesim_msgs/srv/detail/teleport_absolute__type_support.cpp
[7.190s] -- Installing: /home/acp/programming/rosdock/src/install/turtlesim_msgs/include/turtlesim_msgs/turtlesim_msgs/srv/detail/spawn__type_support.cpp
[7.190s] -- Installing: /home/acp/programming/rosdock/src/install/turtlesim_msgs/include/turtlesim_msgs/turtlesim_msgs/srv/detail/set_pen__type_support.cpp
[7.190s] -- Installing: /home/acp/programming/rosdock/src/install/turtlesim_msgs/include/turtlesim_msgs/turtlesim_msgs/srv/detail/spawn__rosidl_typesupport_introspection_cpp.hpp
[7.190s] -- Installing: /home/acp/programming/rosdock/src/install/turtlesim_msgs/include/turtlesim_msgs/turtlesim_msgs/srv/detail/set_pen__rosidl_typesupport_introspection_cpp.hpp
[7.190s] -- Installing: /home/acp/programming/rosdock/src/install/turtlesim_msgs/include/turtlesim_msgs/turtlesim_msgs/srv/detail/teleport_absolute__rosidl_typesupport_introspection_cpp.hpp
[7.190s] -- Installing: /home/acp/programming/rosdock/src/install/turtlesim_msgs/include/turtlesim_msgs/turtlesim_msgs/srv/detail/kill__type_support.cpp
[7.190s] -- Installing: /home/acp/programming/rosdock/src/install/turtlesim_msgs/include/turtlesim_msgs/turtlesim_msgs/srv/detail/teleport_relative__rosidl_typesupport_introspection_cpp.hpp
[7.190s] -- Installing: /home/acp/programming/rosdock/src/install/turtlesim_msgs/include/turtlesim_msgs/turtlesim_msgs/srv/detail/kill__rosidl_typesupport_introspection_cpp.hpp
[7.190s] -- Installing: /home/acp/programming/rosdock/src/install/turtlesim_msgs/include/turtlesim_msgs/turtlesim_msgs/srv/detail/teleport_relative__type_support.cpp
[7.190s] -- Installing: /home/acp/programming/rosdock/src/install/turtlesim_msgs/lib/libturtlesim_msgs__rosidl_typesupport_introspection_cpp.so
[7.191s] -- Set non-toolchain portion of runtime path of "/home/acp/programming/rosdock/src/install/turtlesim_msgs/lib/libturtlesim_msgs__rosidl_typesupport_introspection_cpp.so" to ""
[7.191s] -- Installing: /home/acp/programming/rosdock/src/install/turtlesim_msgs/lib/libturtlesim_msgs__rosidl_typesupport_cpp.so
[7.192s] -- Set non-toolchain portion of runtime path of "/home/acp/programming/rosdock/src/install/turtlesim_msgs/lib/libturtlesim_msgs__rosidl_typesupport_cpp.so" to ""
[7.192s] -- Installing: /home/acp/programming/rosdock/src/install/turtlesim_msgs/share/turtlesim_msgs/environment/pythonpath.sh
[7.192s] -- Installing: /home/acp/programming/rosdock/src/install/turtlesim_msgs/share/turtlesim_msgs/environment/pythonpath.dsv
[7.192s] -- Installing: /home/acp/programming/rosdock/src/install/turtlesim_msgs/lib/python3.12/site-packages/turtlesim_msgs-1.9.2-py3.12.egg-info
[7.192s] -- Installing: /home/acp/programming/rosdock/src/install/turtlesim_msgs/lib/python3.12/site-packages/turtlesim_msgs-1.9.2-py3.12.egg-info/PKG-INFO
[7.192s] -- Installing: /home/acp/programming/rosdock/src/install/turtlesim_msgs/lib/python3.12/site-packages/turtlesim_msgs-1.9.2-py3.12.egg-info/SOURCES.txt
[7.192s] -- Installing: /home/acp/programming/rosdock/src/install/turtlesim_msgs/lib/python3.12/site-packages/turtlesim_msgs-1.9.2-py3.12.egg-info/top_level.txt
[7.193s] -- Installing: /home/acp/programming/rosdock/src/install/turtlesim_msgs/lib/python3.12/site-packages/turtlesim_msgs-1.9.2-py3.12.egg-info/dependency_links.txt
[7.193s] -- Installing: /home/acp/programming/rosdock/src/install/turtlesim_msgs/lib/python3.12/site-packages/turtlesim_msgs
[7.193s] -- Installing: /home/acp/programming/rosdock/src/install/turtlesim_msgs/lib/python3.12/site-packages/turtlesim_msgs/action
[7.193s] -- Installing: /home/acp/programming/rosdock/src/install/turtlesim_msgs/lib/python3.12/site-packages/turtlesim_msgs/action/_rotate_absolute.py
[7.193s] -- Installing: /home/acp/programming/rosdock/src/install/turtlesim_msgs/lib/python3.12/site-packages/turtlesim_msgs/action/_rotate_absolute_s.c
[7.193s] -- Installing: /home/acp/programming/rosdock/src/install/turtlesim_msgs/lib/python3.12/site-packages/turtlesim_msgs/action/__init__.py
[7.193s] -- Installing: /home/acp/programming/rosdock/src/install/turtlesim_msgs/lib/python3.12/site-packages/turtlesim_msgs/turtlesim_msgs_s__rosidl_typesupport_fastrtps_c.so
[7.193s] -- Installing: /home/acp/programming/rosdock/src/install/turtlesim_msgs/lib/python3.12/site-packages/turtlesim_msgs/turtlesim_msgs_s__rosidl_typesupport_introspection_c.so
[7.193s] -- Installing: /home/acp/programming/rosdock/src/install/turtlesim_msgs/lib/python3.12/site-packages/turtlesim_msgs/msg
[7.193s] -- Installing: /home/acp/programming/rosdock/src/install/turtlesim_msgs/lib/python3.12/site-packages/turtlesim_msgs/msg/_pose.py
[7.194s] -- Installing: /home/acp/programming/rosdock/src/install/turtlesim_msgs/lib/python3.12/site-packages/turtlesim_msgs/msg/_color_s.c
[7.194s] -- Installing: /home/acp/programming/rosdock/src/install/turtlesim_msgs/lib/python3.12/site-packages/turtlesim_msgs/msg/_color.py
[7.194s] -- Installing: /home/acp/programming/rosdock/src/install/turtlesim_msgs/lib/python3.12/site-packages/turtlesim_msgs/msg/_pose_s.c
[7.194s] -- Installing: /home/acp/programming/rosdock/src/install/turtlesim_msgs/lib/python3.12/site-packages/turtlesim_msgs/msg/__init__.py
[7.194s] -- Installing: /home/acp/programming/rosdock/src/install/turtlesim_msgs/lib/python3.12/site-packages/turtlesim_msgs/_turtlesim_msgs_s.ep.rosidl_typesupport_fastrtps_c.c
[7.194s] -- Installing: /home/acp/programming/rosdock/src/install/turtlesim_msgs/lib/python3.12/site-packages/turtlesim_msgs/_turtlesim_msgs_s.ep.rosidl_typesupport_c.c
[7.194s] -- Installing: /home/acp/programming/rosdock/src/install/turtlesim_msgs/lib/python3.12/site-packages/turtlesim_msgs/srv
[7.195s] -- Installing: /home/acp/programming/rosdock/src/install/turtlesim_msgs/lib/python3.12/site-packages/turtlesim_msgs/srv/_kill.py
[7.195s] -- Installing: /home/acp/programming/rosdock/src/install/turtlesim_msgs/lib/python3.12/site-packages/turtlesim_msgs/srv/_teleport_relative.py
[7.195s] -- Installing: /home/acp/programming/rosdock/src/install/turtlesim_msgs/lib/python3.12/site-packages/turtlesim_msgs/srv/_set_pen_s.c
[7.195s] -- Installing: /home/acp/programming/rosdock/src/install/turtlesim_msgs/lib/python3.12/site-packages/turtlesim_msgs/srv/_spawn.py
[7.195s] -- Installing: /home/acp/programming/rosdock/src/install/turtlesim_msgs/lib/python3.12/site-packages/turtlesim_msgs/srv/_spawn_s.c
[7.195s] -- Installing: /home/acp/programming/rosdock/src/install/turtlesim_msgs/lib/python3.12/site-packages/turtlesim_msgs/srv/_set_pen.py
[7.195s] -- Installing: /home/acp/programming/rosdock/src/install/turtlesim_msgs/lib/python3.12/site-packages/turtlesim_msgs/srv/_teleport_absolute.py
[7.195s] -- Installing: /home/acp/programming/rosdock/src/install/turtlesim_msgs/lib/python3.12/site-packages/turtlesim_msgs/srv/_kill_s.c
[7.195s] -- Installing: /home/acp/programming/rosdock/src/install/turtlesim_msgs/lib/python3.12/site-packages/turtlesim_msgs/srv/_teleport_absolute_s.c
[7.195s] -- Installing: /home/acp/programming/rosdock/src/install/turtlesim_msgs/lib/python3.12/site-packages/turtlesim_msgs/srv/_teleport_relative_s.c
[7.196s] -- Installing: /home/acp/programming/rosdock/src/install/turtlesim_msgs/lib/python3.12/site-packages/turtlesim_msgs/srv/__init__.py
[7.196s] -- Installing: /home/acp/programming/rosdock/src/install/turtlesim_msgs/lib/python3.12/site-packages/turtlesim_msgs/turtlesim_msgs_s__rosidl_typesupport_c.so
[7.196s] -- Installing: /home/acp/programming/rosdock/src/install/turtlesim_msgs/lib/python3.12/site-packages/turtlesim_msgs/_turtlesim_msgs_s.ep.rosidl_typesupport_introspection_c.c
[7.196s] -- Installing: /home/acp/programming/rosdock/src/install/turtlesim_msgs/lib/python3.12/site-packages/turtlesim_msgs/__init__.py
[7.244s] Listing '/home/acp/programming/rosdock/src/install/turtlesim_msgs/lib/python3.12/site-packages/turtlesim_msgs'...
[7.244s] Compiling '/home/acp/programming/rosdock/src/install/turtlesim_msgs/lib/python3.12/site-packages/turtlesim_msgs/__init__.py'...
[7.244s] Listing '/home/acp/programming/rosdock/src/install/turtlesim_msgs/lib/python3.12/site-packages/turtlesim_msgs/action'...
[7.244s] Compiling '/home/acp/programming/rosdock/src/install/turtlesim_msgs/lib/python3.12/site-packages/turtlesim_msgs/action/__init__.py'...
[7.244s] Compiling '/home/acp/programming/rosdock/src/install/turtlesim_msgs/lib/python3.12/site-packages/turtlesim_msgs/action/_rotate_absolute.py'...
[7.244s] Listing '/home/acp/programming/rosdock/src/install/turtlesim_msgs/lib/python3.12/site-packages/turtlesim_msgs/msg'...
[7.245s] Compiling '/home/acp/programming/rosdock/src/install/turtlesim_msgs/lib/python3.12/site-packages/turtlesim_msgs/msg/__init__.py'...
[7.245s] Compiling '/home/acp/programming/rosdock/src/install/turtlesim_msgs/lib/python3.12/site-packages/turtlesim_msgs/msg/_color.py'...
[7.245s] Compiling '/home/acp/programming/rosdock/src/install/turtlesim_msgs/lib/python3.12/site-packages/turtlesim_msgs/msg/_pose.py'...
[7.245s] Listing '/home/acp/programming/rosdock/src/install/turtlesim_msgs/lib/python3.12/site-packages/turtlesim_msgs/srv'...
[7.245s] Compiling '/home/acp/programming/rosdock/src/install/turtlesim_msgs/lib/python3.12/site-packages/turtlesim_msgs/srv/__init__.py'...
[7.245s] Compiling '/home/acp/programming/rosdock/src/install/turtlesim_msgs/lib/python3.12/site-packages/turtlesim_msgs/srv/_kill.py'...
[7.245s] Compiling '/home/acp/programming/rosdock/src/install/turtlesim_msgs/lib/python3.12/site-packages/turtlesim_msgs/srv/_set_pen.py'...
[7.245s] Compiling '/home/acp/programming/rosdock/src/install/turtlesim_msgs/lib/python3.12/site-packages/turtlesim_msgs/srv/_spawn.py'...
[7.245s] Compiling '/home/acp/programming/rosdock/src/install/turtlesim_msgs/lib/python3.12/site-packages/turtlesim_msgs/srv/_teleport_absolute.py'...
[7.245s] Compiling '/home/acp/programming/rosdock/src/install/turtlesim_msgs/lib/python3.12/site-packages/turtlesim_msgs/srv/_teleport_relative.py'...
[7.252s] -- Installing: /home/acp/programming/rosdock/src/install/turtlesim_msgs/lib/python3.12/site-packages/turtlesim_msgs/turtlesim_msgs_s__rosidl_typesupport_fastrtps_c.so
[7.252s] -- Set non-toolchain portion of runtime path of "/home/acp/programming/rosdock/src/install/turtlesim_msgs/lib/python3.12/site-packages/turtlesim_msgs/turtlesim_msgs_s__rosidl_typesupport_fastrtps_c.so" to ""
[7.252s] -- Installing: /home/acp/programming/rosdock/src/install/turtlesim_msgs/lib/python3.12/site-packages/turtlesim_msgs/turtlesim_msgs_s__rosidl_typesupport_introspection_c.so
[7.253s] -- Set non-toolchain portion of runtime path of "/home/acp/programming/rosdock/src/install/turtlesim_msgs/lib/python3.12/site-packages/turtlesim_msgs/turtlesim_msgs_s__rosidl_typesupport_introspection_c.so" to ""
[7.253s] -- Installing: /home/acp/programming/rosdock/src/install/turtlesim_msgs/lib/python3.12/site-packages/turtlesim_msgs/turtlesim_msgs_s__rosidl_typesupport_c.so
[7.253s] -- Set non-toolchain portion of runtime path of "/home/acp/programming/rosdock/src/install/turtlesim_msgs/lib/python3.12/site-packages/turtlesim_msgs/turtlesim_msgs_s__rosidl_typesupport_c.so" to ""
[7.253s] -- Installing: /home/acp/programming/rosdock/src/install/turtlesim_msgs/lib/libturtlesim_msgs__rosidl_generator_py.so
[7.254s] -- Set non-toolchain portion of runtime path of "/home/acp/programming/rosdock/src/install/turtlesim_msgs/lib/libturtlesim_msgs__rosidl_generator_py.so" to ""
[7.254s] -- Installing: /home/acp/programming/rosdock/src/install/turtlesim_msgs/share/turtlesim_msgs/msg/Color.idl
[7.254s] -- Installing: /home/acp/programming/rosdock/src/install/turtlesim_msgs/share/turtlesim_msgs/msg/Pose.idl
[7.254s] -- Installing: /home/acp/programming/rosdock/src/install/turtlesim_msgs/share/turtlesim_msgs/action/RotateAbsolute.idl
[7.254s] -- Installing: /home/acp/programming/rosdock/src/install/turtlesim_msgs/share/turtlesim_msgs/srv/Kill.idl
[7.254s] -- Installing: /home/acp/programming/rosdock/src/install/turtlesim_msgs/share/turtlesim_msgs/srv/SetPen.idl
[7.254s] -- Installing: /home/acp/programming/rosdock/src/install/turtlesim_msgs/share/turtlesim_msgs/srv/Spawn.idl
[7.254s] -- Installing: /home/acp/programming/rosdock/src/install/turtlesim_msgs/share/turtlesim_msgs/srv/TeleportAbsolute.idl
[7.254s] -- Installing: /home/acp/programming/rosdock/src/install/turtlesim_msgs/share/turtlesim_msgs/srv/TeleportRelative.idl
[7.254s] -- Installing: /home/acp/programming/rosdock/src/install/turtlesim_msgs/share/turtlesim_msgs/msg/Color.msg
[7.255s] -- Installing: /home/acp/programming/rosdock/src/install/turtlesim_msgs/share/turtlesim_msgs/msg/Pose.msg
[7.255s] -- Installing: /home/acp/programming/rosdock/src/install/turtlesim_msgs/share/turtlesim_msgs/action/RotateAbsolute.action
[7.255s] -- Installing: /home/acp/programming/rosdock/src/install/turtlesim_msgs/share/turtlesim_msgs/srv/Kill.srv
[7.255s] -- Installing: /home/acp/programming/rosdock/src/install/turtlesim_msgs/share/turtlesim_msgs/srv/SetPen.srv
[7.255s] -- Installing: /home/acp/programming/rosdock/src/install/turtlesim_msgs/share/turtlesim_msgs/srv/Spawn.srv
[7.255s] -- Installing: /home/acp/programming/rosdock/src/install/turtlesim_msgs/share/turtlesim_msgs/srv/TeleportAbsolute.srv
[7.255s] -- Installing: /home/acp/programming/rosdock/src/install/turtlesim_msgs/share/turtlesim_msgs/srv/TeleportRelative.srv
[7.255s] -- Installing: /home/acp/programming/rosdock/src/install/turtlesim_msgs/share/ament_index/resource_index/package_run_dependencies/turtlesim_msgs
[7.255s] -- Installing: /home/acp/programming/rosdock/src/install/turtlesim_msgs/share/ament_index/resource_index/parent_prefix_path/turtlesim_msgs
[7.256s] -- Installing: /home/acp/programming/rosdock/src/install/turtlesim_msgs/share/turtlesim_msgs/environment/ament_prefix_path.sh
[7.256s] -- Installing: /home/acp/programming/rosdock/src/install/turtlesim_msgs/share/turtlesim_msgs/environment/ament_prefix_path.dsv
[7.256s] -- Installing: /home/acp/programming/rosdock/src/install/turtlesim_msgs/share/turtlesim_msgs/environment/path.sh
[7.256s] -- Installing: /home/acp/programming/rosdock/src/install/turtlesim_msgs/share/turtlesim_msgs/environment/path.dsv
[7.256s] -- Installing: /home/acp/programming/rosdock/src/install/turtlesim_msgs/share/turtlesim_msgs/local_setup.bash
[7.256s] -- Installing: /home/acp/programming/rosdock/src/install/turtlesim_msgs/share/turtlesim_msgs/local_setup.sh
[7.256s] -- Installing: /home/acp/programming/rosdock/src/install/turtlesim_msgs/share/turtlesim_msgs/local_setup.zsh
[7.256s] -- Installing: /home/acp/programming/rosdock/src/install/turtlesim_msgs/share/turtlesim_msgs/local_setup.dsv
[7.257s] -- Installing: /home/acp/programming/rosdock/src/install/turtlesim_msgs/share/turtlesim_msgs/package.dsv
[7.257s] -- Installing: /home/acp/programming/rosdock/src/install/turtlesim_msgs/share/ament_index/resource_index/packages/turtlesim_msgs
[7.257s] -- Installing: /home/acp/programming/rosdock/src/install/turtlesim_msgs/share/turtlesim_msgs/cmake/export_turtlesim_msgs__rosidl_generator_cExport.cmake
[7.257s] -- Installing: /home/acp/programming/rosdock/src/install/turtlesim_msgs/share/turtlesim_msgs/cmake/export_turtlesim_msgs__rosidl_generator_cExport-noconfig.cmake
[7.257s] -- Installing: /home/acp/programming/rosdock/src/install/turtlesim_msgs/share/turtlesim_msgs/cmake/export_turtlesim_msgs__rosidl_typesupport_fastrtps_cExport.cmake
[7.257s] -- Installing: /home/acp/programming/rosdock/src/install/turtlesim_msgs/share/turtlesim_msgs/cmake/export_turtlesim_msgs__rosidl_typesupport_fastrtps_cExport-noconfig.cmake
[7.257s] -- Installing: /home/acp/programming/rosdock/src/install/turtlesim_msgs/share/turtlesim_msgs/cmake/export_turtlesim_msgs__rosidl_generator_cppExport.cmake
[7.257s] -- Installing: /home/acp/programming/rosdock/src/install/turtlesim_msgs/share/turtlesim_msgs/cmake/export_turtlesim_msgs__rosidl_typesupport_fastrtps_cppExport.cmake
[7.258s] -- Installing: /home/acp/programming/rosdock/src/install/turtlesim_msgs/share/turtlesim_msgs/cmake/export_turtlesim_msgs__rosidl_typesupport_fastrtps_cppExport-noconfig.cmake
[7.258s] -- Installing: /home/acp/programming/rosdock/src/install/turtlesim_msgs/share/turtlesim_msgs/cmake/turtlesim_msgs__rosidl_typesupport_introspection_cExport.cmake
[7.258s] -- Installing: /home/acp/programming/rosdock/src/install/turtlesim_msgs/share/turtlesim_msgs/cmake/turtlesim_msgs__rosidl_typesupport_introspection_cExport-noconfig.cmake
[7.258s] -- Installing: /home/acp/programming/rosdock/src/install/turtlesim_msgs/share/turtlesim_msgs/cmake/turtlesim_msgs__rosidl_typesupport_cExport.cmake
[7.258s] -- Installing: /home/acp/programming/rosdock/src/install/turtlesim_msgs/share/turtlesim_msgs/cmake/turtlesim_msgs__rosidl_typesupport_cExport-noconfig.cmake
[7.258s] -- Installing: /home/acp/programming/rosdock/src/install/turtlesim_msgs/share/turtlesim_msgs/cmake/turtlesim_msgs__rosidl_typesupport_introspection_cppExport.cmake
[7.258s] -- Installing: /home/acp/programming/rosdock/src/install/turtlesim_msgs/share/turtlesim_msgs/cmake/turtlesim_msgs__rosidl_typesupport_introspection_cppExport-noconfig.cmake
[7.258s] -- Installing: /home/acp/programming/rosdock/src/install/turtlesim_msgs/share/turtlesim_msgs/cmake/turtlesim_msgs__rosidl_typesupport_cppExport.cmake
[7.258s] -- Installing: /home/acp/programming/rosdock/src/install/turtlesim_msgs/share/turtlesim_msgs/cmake/turtlesim_msgs__rosidl_typesupport_cppExport-noconfig.cmake
[7.259s] -- Installing: /home/acp/programming/rosdock/src/install/turtlesim_msgs/share/turtlesim_msgs/cmake/export_turtlesim_msgs__rosidl_generator_pyExport.cmake
[7.259s] -- Installing: /home/acp/programming/rosdock/src/install/turtlesim_msgs/share/turtlesim_msgs/cmake/export_turtlesim_msgs__rosidl_generator_pyExport-noconfig.cmake
[7.259s] -- Installing: /home/acp/programming/rosdock/src/install/turtlesim_msgs/share/turtlesim_msgs/cmake/rosidl_cmake-extras.cmake
[7.259s] -- Installing: /home/acp/programming/rosdock/src/install/turtlesim_msgs/share/turtlesim_msgs/cmake/ament_cmake_export_dependencies-extras.cmake
[7.259s] -- Installing: /home/acp/programming/rosdock/src/install/turtlesim_msgs/share/turtlesim_msgs/cmake/ament_cmake_export_include_directories-extras.cmake
[7.259s] -- Installing: /home/acp/programming/rosdock/src/install/turtlesim_msgs/share/turtlesim_msgs/cmake/ament_cmake_export_libraries-extras.cmake
[7.259s] -- Installing: /home/acp/programming/rosdock/src/install/turtlesim_msgs/share/turtlesim_msgs/cmake/ament_cmake_export_targets-extras.cmake
[7.259s] -- Installing: /home/acp/programming/rosdock/src/install/turtlesim_msgs/share/turtlesim_msgs/cmake/rosidl_cmake_export_typesupport_targets-extras.cmake
[7.259s] -- Installing: /home/acp/programming/rosdock/src/install/turtlesim_msgs/share/turtlesim_msgs/cmake/rosidl_cmake_export_typesupport_libraries-extras.cmake
[7.260s] -- Installing: /home/acp/programming/rosdock/src/install/turtlesim_msgs/share/turtlesim_msgs/cmake/turtlesim_msgsConfig.cmake
[7.260s] -- Installing: /home/acp/programming/rosdock/src/install/turtlesim_msgs/share/turtlesim_msgs/cmake/turtlesim_msgsConfig-version.cmake
[7.260s] -- Installing: /home/acp/programming/rosdock/src/install/turtlesim_msgs/share/turtlesim_msgs/package.xml
[7.263s] Invoked command in '/home/acp/programming/rosdock/src/build/turtlesim_msgs' returned '0': CMAKE_PREFIX_PATH=${CMAKE_PREFIX_PATH}:/opt/ros/rolling DEBUGINFOD_URLS=https://debuginfod.ubuntu.com /usr/bin/cmake --install /home/acp/programming/rosdock/src/build/turtlesim_msgs
