[0.069s] DEBUG:colcon:Command line arguments: ['/usr/bin/colcon', 'build']
[0.069s] DEBUG:colcon:Parsed command line arguments: Namespace(log_base=None, log_level=None, verb_name='build', build_base='build', install_base='install', merge_install=False, symlink_install=False, test_result_base=None, continue_on_error=False, executor='parallel', parallel_workers=16, event_handlers=None, ignore_user_meta=False, metas=['./colcon.meta'], base_paths=['.'], packages_ignore=None, packages_ignore_regex=None, paths=None, packages_up_to=None, packages_up_to_regex=None, packages_above=None, packages_above_and_dependencies=None, packages_above_depth=None, packages_select_by_dep=None, packages_skip_by_dep=None, packages_skip_up_to=None, packages_select_build_failed=False, packages_skip_build_finished=False, packages_select_test_failures=False, packages_skip_test_passed=False, packages_select=None, packages_skip=None, packages_select_regex=None, packages_skip_regex=None, packages_start=None, packages_end=None, allow_overriding=[], cmake_args=None, cmake_target=None, cmake_target_skip_unavailable=False, cmake_clean_cache=False, cmake_clean_first=False, cmake_force_configure=False, ament_cmake_args=None, catkin_cmake_args=None, catkin_skip_building_tests=False, mixin_files=None, mixin=None, verb_parser=<colcon_mixin.mixin.mixin_argument.MixinArgumentDecorator object at 0x7a3ccf9724b0>, verb_extension=<colcon_core.verb.build.BuildVerb object at 0x7a3ccf972150>, main=<bound method BuildVerb.main of <colcon_core.verb.build.BuildVerb object at 0x7a3ccf972150>>, mixin_verb=('build',))
[0.097s] Level 1:colcon.colcon_core.package_discovery:discover_packages(colcon_meta) check parameters
[0.097s] Level 1:colcon.colcon_core.package_discovery:discover_packages(recursive) check parameters
[0.097s] Level 1:colcon.colcon_core.package_discovery:discover_packages(ignore) check parameters
[0.097s] Level 1:colcon.colcon_core.package_discovery:discover_packages(path) check parameters
[0.097s] Level 1:colcon.colcon_core.package_discovery:discover_packages(colcon_meta) discover
[0.097s] Level 1:colcon.colcon_core.package_discovery:discover_packages(recursive) discover
[0.097s] INFO:colcon.colcon_core.package_discovery:Crawling recursively for packages in '/home/acp/programming/rosdock'
[0.097s] Level 1:colcon.colcon_core.package_identification:_identify(.) by extensions ['ignore', 'ignore_ament_install']
[0.097s] Level 1:colcon.colcon_core.package_identification:_identify(.) by extension 'ignore'
[0.097s] Level 1:colcon.colcon_core.package_identification:_identify(.) by extension 'ignore_ament_install'
[0.097s] Level 1:colcon.colcon_core.package_identification:_identify(.) by extensions ['colcon_pkg']
[0.097s] Level 1:colcon.colcon_core.package_identification:_identify(.) by extension 'colcon_pkg'
[0.097s] Level 1:colcon.colcon_core.package_identification:_identify(.) by extensions ['colcon_meta']
[0.097s] Level 1:colcon.colcon_core.package_identification:_identify(.) by extension 'colcon_meta'
[0.097s] Level 1:colcon.colcon_core.package_identification:_identify(.) by extensions ['ros']
[0.097s] Level 1:colcon.colcon_core.package_identification:_identify(.) by extension 'ros'
[0.113s] Level 1:colcon.colcon_core.package_identification:_identify(.) by extensions ['cmake', 'python']
[0.113s] Level 1:colcon.colcon_core.package_identification:_identify(.) by extension 'cmake'
[0.113s] Level 1:colcon.colcon_core.package_identification:_identify(.) by extension 'python'
[0.113s] Level 1:colcon.colcon_core.package_identification:_identify(.) by extensions ['python_setup_py']
[0.113s] Level 1:colcon.colcon_core.package_identification:_identify(.) by extension 'python_setup_py'
[0.113s] Level 1:colcon.colcon_core.package_identification:_identify(build) by extensions ['ignore', 'ignore_ament_install']
[0.113s] Level 1:colcon.colcon_core.package_identification:_identify(build) by extension 'ignore'
[0.113s] Level 1:colcon.colcon_core.package_identification:_identify(build) ignored
[0.114s] Level 1:colcon.colcon_core.package_identification:_identify(install) by extensions ['ignore', 'ignore_ament_install']
[0.114s] Level 1:colcon.colcon_core.package_identification:_identify(install) by extension 'ignore'
[0.114s] Level 1:colcon.colcon_core.package_identification:_identify(install) ignored
[0.114s] Level 1:colcon.colcon_core.package_identification:_identify(log) by extensions ['ignore', 'ignore_ament_install']
[0.114s] Level 1:colcon.colcon_core.package_identification:_identify(log) by extension 'ignore'
[0.114s] Level 1:colcon.colcon_core.package_identification:_identify(log) ignored
[0.114s] Level 1:colcon.colcon_core.package_identification:_identify(src) by extensions ['ignore', 'ignore_ament_install']
[0.114s] Level 1:colcon.colcon_core.package_identification:_identify(src) by extension 'ignore'
[0.114s] Level 1:colcon.colcon_core.package_identification:_identify(src) by extension 'ignore_ament_install'
[0.114s] Level 1:colcon.colcon_core.package_identification:_identify(src) by extensions ['colcon_pkg']
[0.114s] Level 1:colcon.colcon_core.package_identification:_identify(src) by extension 'colcon_pkg'
[0.114s] Level 1:colcon.colcon_core.package_identification:_identify(src) by extensions ['colcon_meta']
[0.114s] Level 1:colcon.colcon_core.package_identification:_identify(src) by extension 'colcon_meta'
[0.114s] Level 1:colcon.colcon_core.package_identification:_identify(src) by extensions ['ros']
[0.114s] Level 1:colcon.colcon_core.package_identification:_identify(src) by extension 'ros'
[0.114s] Level 1:colcon.colcon_core.package_identification:_identify(src) by extensions ['cmake', 'python']
[0.114s] Level 1:colcon.colcon_core.package_identification:_identify(src) by extension 'cmake'
[0.114s] Level 1:colcon.colcon_core.package_identification:_identify(src) by extension 'python'
[0.114s] Level 1:colcon.colcon_core.package_identification:_identify(src) by extensions ['python_setup_py']
[0.114s] Level 1:colcon.colcon_core.package_identification:_identify(src) by extension 'python_setup_py'
[0.114s] Level 1:colcon.colcon_core.package_identification:_identify(src/ros_tutorials) by extensions ['ignore', 'ignore_ament_install']
[0.114s] Level 1:colcon.colcon_core.package_identification:_identify(src/ros_tutorials) by extension 'ignore'
[0.114s] Level 1:colcon.colcon_core.package_identification:_identify(src/ros_tutorials) by extension 'ignore_ament_install'
[0.114s] Level 1:colcon.colcon_core.package_identification:_identify(src/ros_tutorials) by extensions ['colcon_pkg']
[0.114s] Level 1:colcon.colcon_core.package_identification:_identify(src/ros_tutorials) by extension 'colcon_pkg'
[0.114s] Level 1:colcon.colcon_core.package_identification:_identify(src/ros_tutorials) by extensions ['colcon_meta']
[0.114s] Level 1:colcon.colcon_core.package_identification:_identify(src/ros_tutorials) by extension 'colcon_meta'
[0.114s] Level 1:colcon.colcon_core.package_identification:_identify(src/ros_tutorials) by extensions ['ros']
[0.114s] Level 1:colcon.colcon_core.package_identification:_identify(src/ros_tutorials) by extension 'ros'
[0.114s] Level 1:colcon.colcon_core.package_identification:_identify(src/ros_tutorials) by extensions ['cmake', 'python']
[0.114s] Level 1:colcon.colcon_core.package_identification:_identify(src/ros_tutorials) by extension 'cmake'
[0.114s] Level 1:colcon.colcon_core.package_identification:_identify(src/ros_tutorials) by extension 'python'
[0.114s] Level 1:colcon.colcon_core.package_identification:_identify(src/ros_tutorials) by extensions ['python_setup_py']
[0.114s] Level 1:colcon.colcon_core.package_identification:_identify(src/ros_tutorials) by extension 'python_setup_py'
[0.114s] Level 1:colcon.colcon_core.package_identification:_identify(src/ros_tutorials/turtlesim) by extensions ['ignore', 'ignore_ament_install']
[0.114s] Level 1:colcon.colcon_core.package_identification:_identify(src/ros_tutorials/turtlesim) by extension 'ignore'
[0.114s] Level 1:colcon.colcon_core.package_identification:_identify(src/ros_tutorials/turtlesim) by extension 'ignore_ament_install'
[0.114s] Level 1:colcon.colcon_core.package_identification:_identify(src/ros_tutorials/turtlesim) by extensions ['colcon_pkg']
[0.114s] Level 1:colcon.colcon_core.package_identification:_identify(src/ros_tutorials/turtlesim) by extension 'colcon_pkg'
[0.114s] Level 1:colcon.colcon_core.package_identification:_identify(src/ros_tutorials/turtlesim) by extensions ['colcon_meta']
[0.114s] Level 1:colcon.colcon_core.package_identification:_identify(src/ros_tutorials/turtlesim) by extension 'colcon_meta'
[0.114s] Level 1:colcon.colcon_core.package_identification:_identify(src/ros_tutorials/turtlesim) by extensions ['ros']
[0.114s] Level 1:colcon.colcon_core.package_identification:_identify(src/ros_tutorials/turtlesim) by extension 'ros'
[0.116s] DEBUG:colcon.colcon_core.package_identification:Package 'src/ros_tutorials/turtlesim' with type 'ros.ament_cmake' and name 'turtlesim'
[0.116s] Level 1:colcon.colcon_core.package_identification:_identify(src/ros_tutorials/turtlesim_msgs) by extensions ['ignore', 'ignore_ament_install']
[0.116s] Level 1:colcon.colcon_core.package_identification:_identify(src/ros_tutorials/turtlesim_msgs) by extension 'ignore'
[0.116s] Level 1:colcon.colcon_core.package_identification:_identify(src/ros_tutorials/turtlesim_msgs) by extension 'ignore_ament_install'
[0.116s] Level 1:colcon.colcon_core.package_identification:_identify(src/ros_tutorials/turtlesim_msgs) by extensions ['colcon_pkg']
[0.116s] Level 1:colcon.colcon_core.package_identification:_identify(src/ros_tutorials/turtlesim_msgs) by extension 'colcon_pkg'
[0.116s] Level 1:colcon.colcon_core.package_identification:_identify(src/ros_tutorials/turtlesim_msgs) by extensions ['colcon_meta']
[0.116s] Level 1:colcon.colcon_core.package_identification:_identify(src/ros_tutorials/turtlesim_msgs) by extension 'colcon_meta'
[0.116s] Level 1:colcon.colcon_core.package_identification:_identify(src/ros_tutorials/turtlesim_msgs) by extensions ['ros']
[0.116s] Level 1:colcon.colcon_core.package_identification:_identify(src/ros_tutorials/turtlesim_msgs) by extension 'ros'
[0.117s] DEBUG:colcon.colcon_core.package_identification:Package 'src/ros_tutorials/turtlesim_msgs' with type 'ros.ament_cmake' and name 'turtlesim_msgs'
[0.117s] Level 1:colcon.colcon_core.package_discovery:discover_packages(recursive) using defaults
[0.117s] Level 1:colcon.colcon_core.package_discovery:discover_packages(ignore) discover
[0.117s] Level 1:colcon.colcon_core.package_discovery:discover_packages(ignore) using defaults
[0.117s] Level 1:colcon.colcon_core.package_discovery:discover_packages(path) discover
[0.117s] Level 1:colcon.colcon_core.package_discovery:discover_packages(path) using defaults
[0.137s] Level 1:colcon.colcon_core.package_discovery:discover_packages(prefix_path) check parameters
[0.137s] Level 1:colcon.colcon_core.package_discovery:discover_packages(prefix_path) discover
[0.138s] DEBUG:colcon.colcon_installed_package_information.package_discovery:Found 286 installed packages in /opt/ros/rolling
[0.139s] Level 1:colcon.colcon_core.package_discovery:discover_packages(prefix_path) using defaults
[0.160s] WARNING:colcon.colcon_core.package_selection:Some selected packages are already built in one or more underlay workspaces:
	'turtlesim' is in: /opt/ros/rolling
If a package in a merged underlay workspace is overridden and it installs headers, then all packages in the overlay must sort their include directories by workspace order. Failure to do so may result in build failures or undefined behavior at run time.
If the overridden package is used by another package in any underlay, then the overriding package in the overlay must be API and ABI compatible or undefined behavior at run time may occur.

If you understand the risks and want to override a package anyways, add the following to the command line:
	--allow-overriding turtlesim

This may be promoted to an error in a future release of colcon-override-check.
[0.161s] Level 5:colcon.colcon_core.verb:set package 'turtlesim_msgs' build argument 'cmake_args' from command line to 'None'
[0.161s] Level 5:colcon.colcon_core.verb:set package 'turtlesim_msgs' build argument 'cmake_target' from command line to 'None'
[0.161s] Level 5:colcon.colcon_core.verb:set package 'turtlesim_msgs' build argument 'cmake_target_skip_unavailable' from command line to 'False'
[0.161s] Level 5:colcon.colcon_core.verb:set package 'turtlesim_msgs' build argument 'cmake_clean_cache' from command line to 'False'
[0.161s] Level 5:colcon.colcon_core.verb:set package 'turtlesim_msgs' build argument 'cmake_clean_first' from command line to 'False'
[0.161s] Level 5:colcon.colcon_core.verb:set package 'turtlesim_msgs' build argument 'cmake_force_configure' from command line to 'False'
[0.161s] Level 5:colcon.colcon_core.verb:set package 'turtlesim_msgs' build argument 'ament_cmake_args' from command line to 'None'
[0.161s] Level 5:colcon.colcon_core.verb:set package 'turtlesim_msgs' build argument 'catkin_cmake_args' from command line to 'None'
[0.161s] Level 5:colcon.colcon_core.verb:set package 'turtlesim_msgs' build argument 'catkin_skip_building_tests' from command line to 'False'
[0.161s] DEBUG:colcon.colcon_core.verb:Building package 'turtlesim_msgs' with the following arguments: {'ament_cmake_args': None, 'build_base': '/home/acp/programming/rosdock/build/turtlesim_msgs', 'catkin_cmake_args': None, 'catkin_skip_building_tests': False, 'cmake_args': None, 'cmake_clean_cache': False, 'cmake_clean_first': False, 'cmake_force_configure': False, 'cmake_target': None, 'cmake_target_skip_unavailable': False, 'install_base': '/home/acp/programming/rosdock/install/turtlesim_msgs', 'merge_install': False, 'path': '/home/acp/programming/rosdock/src/ros_tutorials/turtlesim_msgs', 'symlink_install': False, 'test_result_base': None}
[0.161s] Level 5:colcon.colcon_core.verb:set package 'turtlesim' build argument 'cmake_args' from command line to 'None'
[0.161s] Level 5:colcon.colcon_core.verb:set package 'turtlesim' build argument 'cmake_target' from command line to 'None'
[0.161s] Level 5:colcon.colcon_core.verb:set package 'turtlesim' build argument 'cmake_target_skip_unavailable' from command line to 'False'
[0.161s] Level 5:colcon.colcon_core.verb:set package 'turtlesim' build argument 'cmake_clean_cache' from command line to 'False'
[0.161s] Level 5:colcon.colcon_core.verb:set package 'turtlesim' build argument 'cmake_clean_first' from command line to 'False'
[0.161s] Level 5:colcon.colcon_core.verb:set package 'turtlesim' build argument 'cmake_force_configure' from command line to 'False'
[0.161s] Level 5:colcon.colcon_core.verb:set package 'turtlesim' build argument 'ament_cmake_args' from command line to 'None'
[0.161s] Level 5:colcon.colcon_core.verb:set package 'turtlesim' build argument 'catkin_cmake_args' from command line to 'None'
[0.161s] Level 5:colcon.colcon_core.verb:set package 'turtlesim' build argument 'catkin_skip_building_tests' from command line to 'False'
[0.161s] DEBUG:colcon.colcon_core.verb:Building package 'turtlesim' with the following arguments: {'ament_cmake_args': None, 'build_base': '/home/acp/programming/rosdock/build/turtlesim', 'catkin_cmake_args': None, 'catkin_skip_building_tests': False, 'cmake_args': None, 'cmake_clean_cache': False, 'cmake_clean_first': False, 'cmake_force_configure': False, 'cmake_target': None, 'cmake_target_skip_unavailable': False, 'install_base': '/home/acp/programming/rosdock/install/turtlesim', 'merge_install': False, 'path': '/home/acp/programming/rosdock/src/ros_tutorials/turtlesim', 'symlink_install': False, 'test_result_base': None}
[0.161s] INFO:colcon.colcon_core.executor:Executing jobs using 'parallel' executor
[0.162s] DEBUG:colcon.colcon_parallel_executor.executor.parallel:run_until_complete
[0.162s] INFO:colcon.colcon_ros.task.ament_cmake.build:Building ROS package in '/home/acp/programming/rosdock/src/ros_tutorials/turtlesim_msgs' with build type 'ament_cmake'
[0.163s] INFO:colcon.colcon_cmake.task.cmake.build:Building CMake package in '/home/acp/programming/rosdock/src/ros_tutorials/turtlesim_msgs'
[0.166s] INFO:colcon.colcon_core.plugin_system:Skipping extension 'colcon_core.shell.bat': Not used on non-Windows systems
[0.166s] INFO:colcon.colcon_core.shell:Skip shell extension 'powershell' for command environment: Not usable outside of PowerShell
[0.166s] DEBUG:colcon.colcon_core.shell:Skip shell extension 'dsv' for command environment
[0.174s] DEBUG:colcon.colcon_core.event_handler.log_command:Invoking command in '/home/acp/programming/rosdock/build/turtlesim_msgs': CMAKE_PREFIX_PATH=${CMAKE_PREFIX_PATH}:/opt/ros/rolling DEBUGINFOD_URLS=https://debuginfod.ubuntu.com /usr/bin/cmake /home/acp/programming/rosdock/src/ros_tutorials/turtlesim_msgs -DCMAKE_INSTALL_PREFIX=/home/acp/programming/rosdock/install/turtlesim_msgs
[2.768s] DEBUG:colcon.colcon_core.event_handler.log_command:Invoked command in '/home/acp/programming/rosdock/build/turtlesim_msgs' returned '0': CMAKE_PREFIX_PATH=${CMAKE_PREFIX_PATH}:/opt/ros/rolling DEBUGINFOD_URLS=https://debuginfod.ubuntu.com /usr/bin/cmake /home/acp/programming/rosdock/src/ros_tutorials/turtlesim_msgs -DCMAKE_INSTALL_PREFIX=/home/acp/programming/rosdock/install/turtlesim_msgs
[2.771s] DEBUG:colcon.colcon_core.event_handler.log_command:Invoking command in '/home/acp/programming/rosdock/build/turtlesim_msgs': CMAKE_PREFIX_PATH=${CMAKE_PREFIX_PATH}:/opt/ros/rolling DEBUGINFOD_URLS=https://debuginfod.ubuntu.com /usr/bin/cmake --build /home/acp/programming/rosdock/build/turtlesim_msgs -- -j16 -l16
[7.307s] DEBUG:colcon.colcon_core.event_handler.log_command:Invoked command in '/home/acp/programming/rosdock/build/turtlesim_msgs' returned '0': CMAKE_PREFIX_PATH=${CMAKE_PREFIX_PATH}:/opt/ros/rolling DEBUGINFOD_URLS=https://debuginfod.ubuntu.com /usr/bin/cmake --build /home/acp/programming/rosdock/build/turtlesim_msgs -- -j16 -l16
[7.564s] DEBUG:colcon.colcon_core.event_handler.log_command:Invoking command in '/home/acp/programming/rosdock/build/turtlesim_msgs': CMAKE_PREFIX_PATH=${CMAKE_PREFIX_PATH}:/opt/ros/rolling DEBUGINFOD_URLS=https://debuginfod.ubuntu.com /usr/bin/cmake --install /home/acp/programming/rosdock/build/turtlesim_msgs
[7.663s] Level 1:colcon.colcon_core.environment:create_environment_scripts_only(turtlesim_msgs)
[7.663s] DEBUG:colcon.colcon_core.event_handler.log_command:Invoked command in '/home/acp/programming/rosdock/build/turtlesim_msgs' returned '0': CMAKE_PREFIX_PATH=${CMAKE_PREFIX_PATH}:/opt/ros/rolling DEBUGINFOD_URLS=https://debuginfod.ubuntu.com /usr/bin/cmake --install /home/acp/programming/rosdock/build/turtlesim_msgs
[7.666s] Level 1:colcon.colcon_core.environment:checking '/home/acp/programming/rosdock/install/turtlesim_msgs' for CMake module files
[7.667s] Level 1:colcon.colcon_core.environment:checking '/home/acp/programming/rosdock/install/turtlesim_msgs' for CMake config files
[7.668s] Level 1:colcon.colcon_core.shell:create_environment_hook('turtlesim_msgs', 'cmake_prefix_path')
[7.668s] INFO:colcon.colcon_core.shell:Creating environment hook '/home/acp/programming/rosdock/install/turtlesim_msgs/share/turtlesim_msgs/hook/cmake_prefix_path.ps1'
[7.669s] INFO:colcon.colcon_core.shell:Creating environment descriptor '/home/acp/programming/rosdock/install/turtlesim_msgs/share/turtlesim_msgs/hook/cmake_prefix_path.dsv'
[7.669s] INFO:colcon.colcon_core.shell:Creating environment hook '/home/acp/programming/rosdock/install/turtlesim_msgs/share/turtlesim_msgs/hook/cmake_prefix_path.sh'
[7.670s] Level 1:colcon.colcon_core.environment:checking '/home/acp/programming/rosdock/install/turtlesim_msgs/lib'
[7.670s] Level 1:colcon.colcon_core.shell:create_environment_hook('turtlesim_msgs', 'ld_library_path_lib')
[7.671s] INFO:colcon.colcon_core.shell:Creating environment hook '/home/acp/programming/rosdock/install/turtlesim_msgs/share/turtlesim_msgs/hook/ld_library_path_lib.ps1'
[7.671s] INFO:colcon.colcon_core.shell:Creating environment descriptor '/home/acp/programming/rosdock/install/turtlesim_msgs/share/turtlesim_msgs/hook/ld_library_path_lib.dsv'
[7.672s] INFO:colcon.colcon_core.shell:Creating environment hook '/home/acp/programming/rosdock/install/turtlesim_msgs/share/turtlesim_msgs/hook/ld_library_path_lib.sh'
[7.672s] Level 1:colcon.colcon_core.environment:checking '/home/acp/programming/rosdock/install/turtlesim_msgs/bin'
[7.672s] Level 1:colcon.colcon_core.environment:checking '/home/acp/programming/rosdock/install/turtlesim_msgs/lib/pkgconfig/turtlesim_msgs.pc'
[7.673s] Level 1:colcon.colcon_core.environment:checking '/home/acp/programming/rosdock/install/turtlesim_msgs/lib/python3.12/site-packages'
[7.673s] Level 1:colcon.colcon_core.shell:create_environment_hook('turtlesim_msgs', 'pythonpath')
[7.673s] INFO:colcon.colcon_core.shell:Creating environment hook '/home/acp/programming/rosdock/install/turtlesim_msgs/share/turtlesim_msgs/hook/pythonpath.ps1'
[7.674s] INFO:colcon.colcon_core.shell:Creating environment descriptor '/home/acp/programming/rosdock/install/turtlesim_msgs/share/turtlesim_msgs/hook/pythonpath.dsv'
[7.674s] INFO:colcon.colcon_core.shell:Creating environment hook '/home/acp/programming/rosdock/install/turtlesim_msgs/share/turtlesim_msgs/hook/pythonpath.sh'
[7.675s] Level 1:colcon.colcon_core.environment:checking '/home/acp/programming/rosdock/install/turtlesim_msgs/bin'
[7.675s] INFO:colcon.colcon_core.shell:Creating package script '/home/acp/programming/rosdock/install/turtlesim_msgs/share/turtlesim_msgs/package.ps1'
[7.676s] INFO:colcon.colcon_core.shell:Creating package descriptor '/home/acp/programming/rosdock/install/turtlesim_msgs/share/turtlesim_msgs/package.dsv'
[7.677s] INFO:colcon.colcon_core.shell:Creating package script '/home/acp/programming/rosdock/install/turtlesim_msgs/share/turtlesim_msgs/package.sh'
[7.678s] INFO:colcon.colcon_core.shell:Creating package script '/home/acp/programming/rosdock/install/turtlesim_msgs/share/turtlesim_msgs/package.bash'
[7.679s] INFO:colcon.colcon_core.shell:Creating package script '/home/acp/programming/rosdock/install/turtlesim_msgs/share/turtlesim_msgs/package.zsh'
[7.679s] Level 1:colcon.colcon_core.environment:create_file_with_runtime_dependencies(/home/acp/programming/rosdock/install/turtlesim_msgs/share/colcon-core/packages/turtlesim_msgs)
[7.917s] Level 1:colcon.colcon_core.environment:create_environment_scripts_only(turtlesim_msgs)
[7.917s] Level 1:colcon.colcon_core.environment:checking '/home/acp/programming/rosdock/install/turtlesim_msgs' for CMake module files
[7.918s] Level 1:colcon.colcon_core.environment:checking '/home/acp/programming/rosdock/install/turtlesim_msgs' for CMake config files
[7.918s] Level 1:colcon.colcon_core.shell:create_environment_hook('turtlesim_msgs', 'cmake_prefix_path')
[7.918s] INFO:colcon.colcon_core.shell:Creating environment hook '/home/acp/programming/rosdock/install/turtlesim_msgs/share/turtlesim_msgs/hook/cmake_prefix_path.ps1'
[7.918s] INFO:colcon.colcon_core.shell:Creating environment descriptor '/home/acp/programming/rosdock/install/turtlesim_msgs/share/turtlesim_msgs/hook/cmake_prefix_path.dsv'
[7.918s] INFO:colcon.colcon_core.shell:Creating environment hook '/home/acp/programming/rosdock/install/turtlesim_msgs/share/turtlesim_msgs/hook/cmake_prefix_path.sh'
[7.919s] Level 1:colcon.colcon_core.environment:checking '/home/acp/programming/rosdock/install/turtlesim_msgs/lib'
[7.919s] Level 1:colcon.colcon_core.shell:create_environment_hook('turtlesim_msgs', 'ld_library_path_lib')
[7.919s] INFO:colcon.colcon_core.shell:Creating environment hook '/home/acp/programming/rosdock/install/turtlesim_msgs/share/turtlesim_msgs/hook/ld_library_path_lib.ps1'
[7.919s] INFO:colcon.colcon_core.shell:Creating environment descriptor '/home/acp/programming/rosdock/install/turtlesim_msgs/share/turtlesim_msgs/hook/ld_library_path_lib.dsv'
[7.919s] INFO:colcon.colcon_core.shell:Creating environment hook '/home/acp/programming/rosdock/install/turtlesim_msgs/share/turtlesim_msgs/hook/ld_library_path_lib.sh'
[7.919s] Level 1:colcon.colcon_core.environment:checking '/home/acp/programming/rosdock/install/turtlesim_msgs/bin'
[7.919s] Level 1:colcon.colcon_core.environment:checking '/home/acp/programming/rosdock/install/turtlesim_msgs/lib/pkgconfig/turtlesim_msgs.pc'
[7.920s] Level 1:colcon.colcon_core.environment:checking '/home/acp/programming/rosdock/install/turtlesim_msgs/lib/python3.12/site-packages'
[7.920s] Level 1:colcon.colcon_core.shell:create_environment_hook('turtlesim_msgs', 'pythonpath')
[7.920s] INFO:colcon.colcon_core.shell:Creating environment hook '/home/acp/programming/rosdock/install/turtlesim_msgs/share/turtlesim_msgs/hook/pythonpath.ps1'
[7.920s] INFO:colcon.colcon_core.shell:Creating environment descriptor '/home/acp/programming/rosdock/install/turtlesim_msgs/share/turtlesim_msgs/hook/pythonpath.dsv'
[7.920s] INFO:colcon.colcon_core.shell:Creating environment hook '/home/acp/programming/rosdock/install/turtlesim_msgs/share/turtlesim_msgs/hook/pythonpath.sh'
[7.920s] Level 1:colcon.colcon_core.environment:checking '/home/acp/programming/rosdock/install/turtlesim_msgs/bin'
[7.921s] INFO:colcon.colcon_core.shell:Creating package script '/home/acp/programming/rosdock/install/turtlesim_msgs/share/turtlesim_msgs/package.ps1'
[7.921s] INFO:colcon.colcon_core.shell:Creating package descriptor '/home/acp/programming/rosdock/install/turtlesim_msgs/share/turtlesim_msgs/package.dsv'
[7.921s] INFO:colcon.colcon_core.shell:Creating package script '/home/acp/programming/rosdock/install/turtlesim_msgs/share/turtlesim_msgs/package.sh'
[7.921s] INFO:colcon.colcon_core.shell:Creating package script '/home/acp/programming/rosdock/install/turtlesim_msgs/share/turtlesim_msgs/package.bash'
[7.922s] INFO:colcon.colcon_core.shell:Creating package script '/home/acp/programming/rosdock/install/turtlesim_msgs/share/turtlesim_msgs/package.zsh'
[7.922s] Level 1:colcon.colcon_core.environment:create_file_with_runtime_dependencies(/home/acp/programming/rosdock/install/turtlesim_msgs/share/colcon-core/packages/turtlesim_msgs)
[7.922s] INFO:colcon.colcon_ros.task.ament_cmake.build:Building ROS package in '/home/acp/programming/rosdock/src/ros_tutorials/turtlesim' with build type 'ament_cmake'
[7.922s] INFO:colcon.colcon_cmake.task.cmake.build:Building CMake package in '/home/acp/programming/rosdock/src/ros_tutorials/turtlesim'
[7.922s] INFO:colcon.colcon_core.shell:Skip shell extension 'powershell' for command environment: Not usable outside of PowerShell
[7.922s] DEBUG:colcon.colcon_core.shell:Skip shell extension 'dsv' for command environment
[7.930s] DEBUG:colcon.colcon_core.event_handler.log_command:Invoking command in '/home/acp/programming/rosdock/build/turtlesim': AMENT_PREFIX_PATH=/home/acp/programming/rosdock/install/turtlesim_msgs:${AMENT_PREFIX_PATH} CMAKE_PREFIX_PATH=/home/acp/programming/rosdock/install/turtlesim_msgs:/opt/ros/rolling/opt/gz_math_vendor:/opt/ros/rolling/opt/gz_utils_vendor:/opt/ros/rolling/opt/gz_cmake_vendor:/opt/ros/rolling DEBUGINFOD_URLS=https://debuginfod.ubuntu.com LD_LIBRARY_PATH=/home/acp/programming/rosdock/install/turtlesim_msgs/lib:${LD_LIBRARY_PATH} PYTHONPATH=/home/acp/programming/rosdock/install/turtlesim_msgs/lib/python3.12/site-packages:${PYTHONPATH} /usr/bin/cmake /home/acp/programming/rosdock/src/ros_tutorials/turtlesim -DCMAKE_INSTALL_PREFIX=/home/acp/programming/rosdock/install/turtlesim
[8.927s] DEBUG:colcon.colcon_core.event_handler.log_command:Invoked command in '/home/acp/programming/rosdock/build/turtlesim' returned '0': AMENT_PREFIX_PATH=/home/acp/programming/rosdock/install/turtlesim_msgs:${AMENT_PREFIX_PATH} CMAKE_PREFIX_PATH=/home/acp/programming/rosdock/install/turtlesim_msgs:/opt/ros/rolling/opt/gz_math_vendor:/opt/ros/rolling/opt/gz_utils_vendor:/opt/ros/rolling/opt/gz_cmake_vendor:/opt/ros/rolling DEBUGINFOD_URLS=https://debuginfod.ubuntu.com LD_LIBRARY_PATH=/home/acp/programming/rosdock/install/turtlesim_msgs/lib:${LD_LIBRARY_PATH} PYTHONPATH=/home/acp/programming/rosdock/install/turtlesim_msgs/lib/python3.12/site-packages:${PYTHONPATH} /usr/bin/cmake /home/acp/programming/rosdock/src/ros_tutorials/turtlesim -DCMAKE_INSTALL_PREFIX=/home/acp/programming/rosdock/install/turtlesim
[8.929s] DEBUG:colcon.colcon_core.event_handler.log_command:Invoking command in '/home/acp/programming/rosdock/build/turtlesim': AMENT_PREFIX_PATH=/home/acp/programming/rosdock/install/turtlesim_msgs:${AMENT_PREFIX_PATH} CMAKE_PREFIX_PATH=/home/acp/programming/rosdock/install/turtlesim_msgs:/opt/ros/rolling/opt/gz_math_vendor:/opt/ros/rolling/opt/gz_utils_vendor:/opt/ros/rolling/opt/gz_cmake_vendor:/opt/ros/rolling DEBUGINFOD_URLS=https://debuginfod.ubuntu.com LD_LIBRARY_PATH=/home/acp/programming/rosdock/install/turtlesim_msgs/lib:${LD_LIBRARY_PATH} PYTHONPATH=/home/acp/programming/rosdock/install/turtlesim_msgs/lib/python3.12/site-packages:${PYTHONPATH} /usr/bin/cmake --build /home/acp/programming/rosdock/build/turtlesim -- -j16 -l16
[20.391s] DEBUG:colcon.colcon_core.event_handler.log_command:Invoked command in '/home/acp/programming/rosdock/build/turtlesim' returned '0': AMENT_PREFIX_PATH=/home/acp/programming/rosdock/install/turtlesim_msgs:${AMENT_PREFIX_PATH} CMAKE_PREFIX_PATH=/home/acp/programming/rosdock/install/turtlesim_msgs:/opt/ros/rolling/opt/gz_math_vendor:/opt/ros/rolling/opt/gz_utils_vendor:/opt/ros/rolling/opt/gz_cmake_vendor:/opt/ros/rolling DEBUGINFOD_URLS=https://debuginfod.ubuntu.com LD_LIBRARY_PATH=/home/acp/programming/rosdock/install/turtlesim_msgs/lib:${LD_LIBRARY_PATH} PYTHONPATH=/home/acp/programming/rosdock/install/turtlesim_msgs/lib/python3.12/site-packages:${PYTHONPATH} /usr/bin/cmake --build /home/acp/programming/rosdock/build/turtlesim -- -j16 -l16
[20.438s] DEBUG:colcon.colcon_core.event_handler.log_command:Invoking command in '/home/acp/programming/rosdock/build/turtlesim': AMENT_PREFIX_PATH=/home/acp/programming/rosdock/install/turtlesim_msgs:${AMENT_PREFIX_PATH} CMAKE_PREFIX_PATH=/home/acp/programming/rosdock/install/turtlesim_msgs:/opt/ros/rolling/opt/gz_math_vendor:/opt/ros/rolling/opt/gz_utils_vendor:/opt/ros/rolling/opt/gz_cmake_vendor:/opt/ros/rolling DEBUGINFOD_URLS=https://debuginfod.ubuntu.com LD_LIBRARY_PATH=/home/acp/programming/rosdock/install/turtlesim_msgs/lib:${LD_LIBRARY_PATH} PYTHONPATH=/home/acp/programming/rosdock/install/turtlesim_msgs/lib/python3.12/site-packages:${PYTHONPATH} /usr/bin/cmake --install /home/acp/programming/rosdock/build/turtlesim
[20.467s] Level 1:colcon.colcon_core.environment:create_environment_scripts_only(turtlesim)
[20.468s] Level 1:colcon.colcon_core.environment:checking '/home/acp/programming/rosdock/install/turtlesim' for CMake module files
[20.468s] DEBUG:colcon.colcon_core.event_handler.log_command:Invoked command in '/home/acp/programming/rosdock/build/turtlesim' returned '0': AMENT_PREFIX_PATH=/home/acp/programming/rosdock/install/turtlesim_msgs:${AMENT_PREFIX_PATH} CMAKE_PREFIX_PATH=/home/acp/programming/rosdock/install/turtlesim_msgs:/opt/ros/rolling/opt/gz_math_vendor:/opt/ros/rolling/opt/gz_utils_vendor:/opt/ros/rolling/opt/gz_cmake_vendor:/opt/ros/rolling DEBUGINFOD_URLS=https://debuginfod.ubuntu.com LD_LIBRARY_PATH=/home/acp/programming/rosdock/install/turtlesim_msgs/lib:${LD_LIBRARY_PATH} PYTHONPATH=/home/acp/programming/rosdock/install/turtlesim_msgs/lib/python3.12/site-packages:${PYTHONPATH} /usr/bin/cmake --install /home/acp/programming/rosdock/build/turtlesim
[20.468s] Level 1:colcon.colcon_core.environment:checking '/home/acp/programming/rosdock/install/turtlesim' for CMake config files
[20.468s] Level 1:colcon.colcon_core.shell:create_environment_hook('turtlesim', 'cmake_prefix_path')
[20.468s] INFO:colcon.colcon_core.shell:Creating environment hook '/home/acp/programming/rosdock/install/turtlesim/share/turtlesim/hook/cmake_prefix_path.ps1'
[20.469s] INFO:colcon.colcon_core.shell:Creating environment descriptor '/home/acp/programming/rosdock/install/turtlesim/share/turtlesim/hook/cmake_prefix_path.dsv'
[20.469s] INFO:colcon.colcon_core.shell:Creating environment hook '/home/acp/programming/rosdock/install/turtlesim/share/turtlesim/hook/cmake_prefix_path.sh'
[20.469s] Level 1:colcon.colcon_core.environment:checking '/home/acp/programming/rosdock/install/turtlesim/lib'
[20.469s] Level 1:colcon.colcon_core.environment:checking '/home/acp/programming/rosdock/install/turtlesim/bin'
[20.469s] Level 1:colcon.colcon_core.environment:checking '/home/acp/programming/rosdock/install/turtlesim/lib/pkgconfig/turtlesim.pc'
[20.469s] Level 1:colcon.colcon_core.environment:checking '/home/acp/programming/rosdock/install/turtlesim/lib/python3.12/site-packages'
[20.469s] Level 1:colcon.colcon_core.environment:checking '/home/acp/programming/rosdock/install/turtlesim/bin'
[20.470s] INFO:colcon.colcon_core.shell:Creating package script '/home/acp/programming/rosdock/install/turtlesim/share/turtlesim/package.ps1'
[20.470s] INFO:colcon.colcon_core.shell:Creating package descriptor '/home/acp/programming/rosdock/install/turtlesim/share/turtlesim/package.dsv'
[20.470s] INFO:colcon.colcon_core.shell:Creating package script '/home/acp/programming/rosdock/install/turtlesim/share/turtlesim/package.sh'
[20.470s] INFO:colcon.colcon_core.shell:Creating package script '/home/acp/programming/rosdock/install/turtlesim/share/turtlesim/package.bash'
[20.470s] INFO:colcon.colcon_core.shell:Creating package script '/home/acp/programming/rosdock/install/turtlesim/share/turtlesim/package.zsh'
[20.470s] Level 1:colcon.colcon_core.environment:create_file_with_runtime_dependencies(/home/acp/programming/rosdock/install/turtlesim/share/colcon-core/packages/turtlesim)
[20.514s] Level 1:colcon.colcon_core.environment:create_environment_scripts_only(turtlesim)
[20.514s] Level 1:colcon.colcon_core.environment:checking '/home/acp/programming/rosdock/install/turtlesim' for CMake module files
[20.514s] Level 1:colcon.colcon_core.environment:checking '/home/acp/programming/rosdock/install/turtlesim' for CMake config files
[20.515s] Level 1:colcon.colcon_core.shell:create_environment_hook('turtlesim', 'cmake_prefix_path')
[20.515s] INFO:colcon.colcon_core.shell:Creating environment hook '/home/acp/programming/rosdock/install/turtlesim/share/turtlesim/hook/cmake_prefix_path.ps1'
[20.515s] INFO:colcon.colcon_core.shell:Creating environment descriptor '/home/acp/programming/rosdock/install/turtlesim/share/turtlesim/hook/cmake_prefix_path.dsv'
[20.515s] INFO:colcon.colcon_core.shell:Creating environment hook '/home/acp/programming/rosdock/install/turtlesim/share/turtlesim/hook/cmake_prefix_path.sh'
[20.516s] Level 1:colcon.colcon_core.environment:checking '/home/acp/programming/rosdock/install/turtlesim/lib'
[20.516s] Level 1:colcon.colcon_core.environment:checking '/home/acp/programming/rosdock/install/turtlesim/bin'
[20.516s] Level 1:colcon.colcon_core.environment:checking '/home/acp/programming/rosdock/install/turtlesim/lib/pkgconfig/turtlesim.pc'
[20.516s] Level 1:colcon.colcon_core.environment:checking '/home/acp/programming/rosdock/install/turtlesim/lib/python3.12/site-packages'
[20.516s] Level 1:colcon.colcon_core.environment:checking '/home/acp/programming/rosdock/install/turtlesim/bin'
[20.516s] INFO:colcon.colcon_core.shell:Creating package script '/home/acp/programming/rosdock/install/turtlesim/share/turtlesim/package.ps1'
[20.517s] INFO:colcon.colcon_core.shell:Creating package descriptor '/home/acp/programming/rosdock/install/turtlesim/share/turtlesim/package.dsv'
[20.518s] INFO:colcon.colcon_core.shell:Creating package script '/home/acp/programming/rosdock/install/turtlesim/share/turtlesim/package.sh'
[20.519s] INFO:colcon.colcon_core.shell:Creating package script '/home/acp/programming/rosdock/install/turtlesim/share/turtlesim/package.bash'
[20.519s] INFO:colcon.colcon_core.shell:Creating package script '/home/acp/programming/rosdock/install/turtlesim/share/turtlesim/package.zsh'
[20.519s] Level 1:colcon.colcon_core.environment:create_file_with_runtime_dependencies(/home/acp/programming/rosdock/install/turtlesim/share/colcon-core/packages/turtlesim)
[20.519s] DEBUG:colcon.colcon_parallel_executor.executor.parallel:closing loop
[20.520s] DEBUG:colcon.colcon_parallel_executor.executor.parallel:loop closed
[20.520s] DEBUG:colcon.colcon_parallel_executor.executor.parallel:run_until_complete finished with '0'
[20.520s] DEBUG:colcon.colcon_core.event_reactor:joining thread
[20.524s] INFO:colcon.colcon_core.plugin_system:Skipping extension 'colcon_notification.desktop_notification.terminal_notifier': Not used on non-Darwin systems
[20.524s] INFO:colcon.colcon_core.plugin_system:Skipping extension 'colcon_notification.desktop_notification.win32': Not used on non-Windows systems
[20.524s] INFO:colcon.colcon_notification.desktop_notification:Sending desktop notification using 'notify2'
[20.541s] DEBUG:colcon.colcon_core.event_reactor:joined thread
[20.541s] INFO:colcon.colcon_core.shell:Creating prefix script '/home/acp/programming/rosdock/install/local_setup.ps1'
[20.542s] INFO:colcon.colcon_core.shell:Creating prefix util module '/home/acp/programming/rosdock/install/_local_setup_util_ps1.py'
[20.543s] INFO:colcon.colcon_core.shell:Creating prefix chain script '/home/acp/programming/rosdock/install/setup.ps1'
[20.543s] INFO:colcon.colcon_core.shell:Creating prefix script '/home/acp/programming/rosdock/install/local_setup.sh'
[20.543s] INFO:colcon.colcon_core.shell:Creating prefix util module '/home/acp/programming/rosdock/install/_local_setup_util_sh.py'
[20.544s] INFO:colcon.colcon_core.shell:Creating prefix chain script '/home/acp/programming/rosdock/install/setup.sh'
[20.544s] INFO:colcon.colcon_core.shell:Creating prefix script '/home/acp/programming/rosdock/install/local_setup.bash'
[20.545s] INFO:colcon.colcon_core.shell:Creating prefix chain script '/home/acp/programming/rosdock/install/setup.bash'
[20.545s] INFO:colcon.colcon_core.shell:Creating prefix script '/home/acp/programming/rosdock/install/local_setup.zsh'
[20.545s] INFO:colcon.colcon_core.shell:Creating prefix chain script '/home/acp/programming/rosdock/install/setup.zsh'
