[0.010s] Invoking command in '/home/acp/programming/rosdock/build/turtlesim_msgs': CMAKE_PREFIX_PATH=${CMAKE_PREFIX_PATH}:/home/acp/programming/rosdock/install/cerpm:/opt/ros/rolling DEBUGINFOD_URLS=https://debuginfod.ubuntu.com /usr/bin/cmake --build /home/acp/programming/rosdock/build/turtlesim_msgs -- -j16 -l16
[0.056s] [  1%] Built target turtlesim_msgs__rosidl_generator_type_description
[0.065s] [  1%] Built target ament_cmake_python_copy_turtlesim_msgs
[0.072s] [  1%] Built target turtlesim_msgs__cpp
[0.076s] [ 26%] Built target turtlesim_msgs__rosidl_generator_c
[0.095s] [ 59%] Built target turtlesim_msgs__rosidl_typesupport_c
[0.095s] [ 59%] Built target turtlesim_msgs__rosidl_typesupport_introspection_c
[0.095s] [ 59%] Built target turtlesim_msgs__rosidl_typesupport_introspection_cpp
[0.095s] [ 64%] Built target turtlesim_msgs__rosidl_typesupport_cpp
[0.097s] [ 74%] Built target turtlesim_msgs__rosidl_typesupport_fastrtps_cpp
[0.097s] [ 84%] Built target turtlesim_msgs__rosidl_typesupport_fastrtps_c
[0.116s] [ 84%] Built target turtlesim_msgs
[0.134s] [ 85%] Built target turtlesim_msgs__py
[0.155s] [ 94%] Built target turtlesim_msgs__rosidl_generator_py
[0.172s] [100%] Built target turtlesim_msgs_s__rosidl_typesupport_fastrtps_c
[0.172s] [100%] Built target turtlesim_msgs_s__rosidl_typesupport_introspection_c
[0.172s] [100%] Built target turtlesim_msgs_s__rosidl_typesupport_c
[0.196s] running egg_info
[0.207s] writing turtlesim_msgs.egg-info/PKG-INFO
[0.207s] writing dependency_links to turtlesim_msgs.egg-info/dependency_links.txt
[0.207s] writing top-level names to turtlesim_msgs.egg-info/top_level.txt
[0.235s] reading manifest file 'turtlesim_msgs.egg-info/SOURCES.txt'
[0.235s] writing manifest file 'turtlesim_msgs.egg-info/SOURCES.txt'
[0.258s] [100%] Built target ament_cmake_python_build_turtlesim_msgs_egg
